{"C:\\Users\\Tommy\\Desktop\\React_Exam\\src\\client\\collection.jsx": {"path":"C:\\Users\\Tommy\\Desktop\\React_Exam\\src\\client\\collection.jsx","statementMap":{"0":{"start":{"line":5,"column":8},"end":{"line":5,"column":21}},"1":{"start":{"line":7,"column":8},"end":{"line":15,"column":9}},"2":{"start":{"line":19,"column":8},"end":{"line":24,"column":9}},"3":{"start":{"line":20,"column":12},"end":{"line":20,"column":48}},"4":{"start":{"line":21,"column":12},"end":{"line":21,"column":30}},"5":{"start":{"line":23,"column":12},"end":{"line":23,"column":41}},"6":{"start":{"line":27,"column":17},"end":{"line":67,"column":5}},"7":{"start":{"line":28,"column":20},"end":{"line":28,"column":32}},"8":{"start":{"line":31,"column":8},"end":{"line":39,"column":9}},"9":{"start":{"line":32,"column":12},"end":{"line":34,"column":15}},"10":{"start":{"line":36,"column":12},"end":{"line":38,"column":15}},"11":{"start":{"line":42,"column":8},"end":{"line":46,"column":9}},"12":{"start":{"line":43,"column":12},"end":{"line":43,"column":48}},"13":{"start":{"line":44,"column":12},"end":{"line":44,"column":41}},"14":{"start":{"line":45,"column":12},"end":{"line":45,"column":19}},"15":{"start":{"line":49,"column":8},"end":{"line":54,"column":9}},"16":{"start":{"line":50,"column":12},"end":{"line":52,"column":15}},"17":{"start":{"line":53,"column":12},"end":{"line":53,"column":19}},"18":{"start":{"line":57,"column":24},"end":{"line":57,"column":45}},"19":{"start":{"line":58,"column":8},"end":{"line":58,"column":28}},"20":{"start":{"line":59,"column":8},"end":{"line":66,"column":9}},"21":{"start":{"line":61,"column":12},"end":{"line":61,"column":72}},"22":{"start":{"line":63,"column":12},"end":{"line":65,"column":15}},"23":{"start":{"line":69,"column":25},"end":{"line":105,"column":5}},"24":{"start":{"line":70,"column":24},"end":{"line":70,"column":35}},"25":{"start":{"line":72,"column":20},"end":{"line":72,"column":37}},"26":{"start":{"line":75,"column":8},"end":{"line":88,"column":9}},"27":{"start":{"line":76,"column":12},"end":{"line":82,"column":15}},"28":{"start":{"line":84,"column":12},"end":{"line":86,"column":15}},"29":{"start":{"line":87,"column":12},"end":{"line":87,"column":19}},"30":{"start":{"line":90,"column":8},"end":{"line":94,"column":9}},"31":{"start":{"line":91,"column":12},"end":{"line":91,"column":48}},"32":{"start":{"line":92,"column":12},"end":{"line":92,"column":41}},"33":{"start":{"line":93,"column":12},"end":{"line":93,"column":19}},"34":{"start":{"line":96,"column":8},"end":{"line":101,"column":9}},"35":{"start":{"line":97,"column":12},"end":{"line":99,"column":15}},"36":{"start":{"line":100,"column":12},"end":{"line":100,"column":19}},"37":{"start":{"line":103,"column":8},"end":{"line":103,"column":39}},"38":{"start":{"line":104,"column":8},"end":{"line":104,"column":26}},"39":{"start":{"line":108,"column":15},"end":{"line":148,"column":5}},"40":{"start":{"line":109,"column":23},"end":{"line":109,"column":33}},"41":{"start":{"line":111,"column":24},"end":{"line":111,"column":33}},"42":{"start":{"line":112,"column":23},"end":{"line":112,"column":30}},"43":{"start":{"line":117,"column":20},"end":{"line":117,"column":44}},"44":{"start":{"line":119,"column":24},"end":{"line":119,"column":36}},"45":{"start":{"line":121,"column":8},"end":{"line":134,"column":9}},"46":{"start":{"line":122,"column":12},"end":{"line":128,"column":15}},"47":{"start":{"line":130,"column":12},"end":{"line":132,"column":15}},"48":{"start":{"line":133,"column":12},"end":{"line":133,"column":19}},"49":{"start":{"line":136,"column":8},"end":{"line":140,"column":9}},"50":{"start":{"line":137,"column":12},"end":{"line":137,"column":48}},"51":{"start":{"line":138,"column":12},"end":{"line":138,"column":41}},"52":{"start":{"line":139,"column":12},"end":{"line":139,"column":19}},"53":{"start":{"line":142,"column":8},"end":{"line":144,"column":9}},"54":{"start":{"line":143,"column":12},"end":{"line":143,"column":41}},"55":{"start":{"line":146,"column":8},"end":{"line":146,"column":82}},"56":{"start":{"line":147,"column":8},"end":{"line":147,"column":28}},"57":{"start":{"line":150,"column":19},"end":{"line":180,"column":5}},"58":{"start":{"line":151,"column":26},"end":{"line":151,"column":36}},"59":{"start":{"line":153,"column":20},"end":{"line":153,"column":34}},"60":{"start":{"line":156,"column":24},"end":{"line":156,"column":40}},"61":{"start":{"line":158,"column":8},"end":{"line":171,"column":9}},"62":{"start":{"line":159,"column":12},"end":{"line":165,"column":14}},"63":{"start":{"line":167,"column":12},"end":{"line":169,"column":15}},"64":{"start":{"line":170,"column":12},"end":{"line":170,"column":19}},"65":{"start":{"line":174,"column":8},"end":{"line":178,"column":9}},"66":{"start":{"line":175,"column":12},"end":{"line":175,"column":48}},"67":{"start":{"line":176,"column":12},"end":{"line":176,"column":41}},"68":{"start":{"line":177,"column":12},"end":{"line":177,"column":19}},"69":{"start":{"line":183,"column":24},"end":{"line":183,"column":39}},"70":{"start":{"line":184,"column":8},"end":{"line":193,"column":9}},"71":{"start":{"line":189,"column":44},"end":{"line":189,"column":72}},"72":{"start":{"line":198,"column":24},"end":{"line":198,"column":39}},"73":{"start":{"line":200,"column":23},"end":{"line":200,"column":34}},"74":{"start":{"line":201,"column":8},"end":{"line":203,"column":9}},"75":{"start":{"line":202,"column":12},"end":{"line":202,"column":49}},"76":{"start":{"line":205,"column":8},"end":{"line":211,"column":9}},"77":{"start":{"line":206,"column":12},"end":{"line":210,"column":22}},"78":{"start":{"line":213,"column":8},"end":{"line":213,"column":39}},"79":{"start":{"line":214,"column":24},"end":{"line":214,"column":42}},"80":{"start":{"line":218,"column":25},"end":{"line":218,"column":36}},"81":{"start":{"line":219,"column":8},"end":{"line":232,"column":9}},"82":{"start":{"line":221,"column":12},"end":{"line":231,"column":22}},"83":{"start":{"line":228,"column":24},"end":{"line":228,"column":82}},"84":{"start":{"line":229,"column":24},"end":{"line":229,"column":42}},"85":{"start":{"line":234,"column":8},"end":{"line":243,"column":9}}},"fnMap":{"0":{"name":"(anonymous_0)","decl":{"start":{"line":4,"column":4},"end":{"line":4,"column":5}},"loc":{"start":{"line":4,"column":23},"end":{"line":16,"column":5}},"line":4},"1":{"name":"(anonymous_1)","decl":{"start":{"line":18,"column":4},"end":{"line":18,"column":5}},"loc":{"start":{"line":18,"column":24},"end":{"line":25,"column":5}},"line":18},"2":{"name":"(anonymous_2)","decl":{"start":{"line":27,"column":17},"end":{"line":27,"column":18}},"loc":{"start":{"line":27,"column":29},"end":{"line":67,"column":5}},"line":27},"3":{"name":"(anonymous_3)","decl":{"start":{"line":69,"column":25},"end":{"line":69,"column":26}},"loc":{"start":{"line":69,"column":37},"end":{"line":105,"column":5}},"line":69},"4":{"name":"(anonymous_4)","decl":{"start":{"line":108,"column":15},"end":{"line":108,"column":16}},"loc":{"start":{"line":108,"column":32},"end":{"line":148,"column":5}},"line":108},"5":{"name":"(anonymous_5)","decl":{"start":{"line":150,"column":19},"end":{"line":150,"column":20}},"loc":{"start":{"line":150,"column":31},"end":{"line":180,"column":5}},"line":150},"6":{"name":"(anonymous_6)","decl":{"start":{"line":182,"column":4},"end":{"line":182,"column":5}},"loc":{"start":{"line":182,"column":25},"end":{"line":194,"column":5}},"line":182},"7":{"name":"(anonymous_7)","decl":{"start":{"line":189,"column":37},"end":{"line":189,"column":38}},"loc":{"start":{"line":189,"column":43},"end":{"line":189,"column":73}},"line":189},"8":{"name":"(anonymous_8)","decl":{"start":{"line":197,"column":4},"end":{"line":197,"column":5}},"loc":{"start":{"line":197,"column":13},"end":{"line":244,"column":5}},"line":197},"9":{"name":"(anonymous_9)","decl":{"start":{"line":227,"column":37},"end":{"line":227,"column":38}},"loc":{"start":{"line":227,"column":43},"end":{"line":230,"column":21}},"line":227}},"branchMap":{"0":{"loc":{"start":{"line":19,"column":8},"end":{"line":24,"column":9}},"type":"if","locations":[{"start":{"line":19,"column":8},"end":{"line":24,"column":9}},{"start":{"line":19,"column":8},"end":{"line":24,"column":9}}],"line":19},"1":{"loc":{"start":{"line":42,"column":8},"end":{"line":46,"column":9}},"type":"if","locations":[{"start":{"line":42,"column":8},"end":{"line":46,"column":9}},{"start":{"line":42,"column":8},"end":{"line":46,"column":9}}],"line":42},"2":{"loc":{"start":{"line":49,"column":8},"end":{"line":54,"column":9}},"type":"if","locations":[{"start":{"line":49,"column":8},"end":{"line":54,"column":9}},{"start":{"line":49,"column":8},"end":{"line":54,"column":9}}],"line":49},"3":{"loc":{"start":{"line":59,"column":8},"end":{"line":66,"column":9}},"type":"if","locations":[{"start":{"line":59,"column":8},"end":{"line":66,"column":9}},{"start":{"line":59,"column":8},"end":{"line":66,"column":9}}],"line":59},"4":{"loc":{"start":{"line":90,"column":8},"end":{"line":94,"column":9}},"type":"if","locations":[{"start":{"line":90,"column":8},"end":{"line":94,"column":9}},{"start":{"line":90,"column":8},"end":{"line":94,"column":9}}],"line":90},"5":{"loc":{"start":{"line":96,"column":8},"end":{"line":101,"column":9}},"type":"if","locations":[{"start":{"line":96,"column":8},"end":{"line":101,"column":9}},{"start":{"line":96,"column":8},"end":{"line":101,"column":9}}],"line":96},"6":{"loc":{"start":{"line":136,"column":8},"end":{"line":140,"column":9}},"type":"if","locations":[{"start":{"line":136,"column":8},"end":{"line":140,"column":9}},{"start":{"line":136,"column":8},"end":{"line":140,"column":9}}],"line":136},"7":{"loc":{"start":{"line":142,"column":8},"end":{"line":144,"column":9}},"type":"if","locations":[{"start":{"line":142,"column":8},"end":{"line":144,"column":9}},{"start":{"line":142,"column":8},"end":{"line":144,"column":9}}],"line":142},"8":{"loc":{"start":{"line":174,"column":8},"end":{"line":178,"column":9}},"type":"if","locations":[{"start":{"line":174,"column":8},"end":{"line":178,"column":9}},{"start":{"line":174,"column":8},"end":{"line":178,"column":9}}],"line":174},"9":{"loc":{"start":{"line":201,"column":8},"end":{"line":203,"column":9}},"type":"if","locations":[{"start":{"line":201,"column":8},"end":{"line":203,"column":9}},{"start":{"line":201,"column":8},"end":{"line":203,"column":9}}],"line":201},"10":{"loc":{"start":{"line":205,"column":8},"end":{"line":211,"column":9}},"type":"if","locations":[{"start":{"line":205,"column":8},"end":{"line":211,"column":9}},{"start":{"line":205,"column":8},"end":{"line":211,"column":9}}],"line":205},"11":{"loc":{"start":{"line":219,"column":8},"end":{"line":232,"column":9}},"type":"if","locations":[{"start":{"line":219,"column":8},"end":{"line":232,"column":9}},{"start":{"line":219,"column":8},"end":{"line":232,"column":9}}],"line":219}},"s":{"0":0,"1":0,"2":0,"3":0,"4":0,"5":0,"6":0,"7":0,"8":0,"9":0,"10":0,"11":0,"12":0,"13":0,"14":0,"15":0,"16":0,"17":0,"18":0,"19":0,"20":0,"21":0,"22":0,"23":0,"24":0,"25":0,"26":0,"27":0,"28":0,"29":0,"30":0,"31":0,"32":0,"33":0,"34":0,"35":0,"36":0,"37":0,"38":0,"39":0,"40":0,"41":0,"42":0,"43":0,"44":0,"45":0,"46":0,"47":0,"48":0,"49":0,"50":0,"51":0,"52":0,"53":0,"54":0,"55":0,"56":0,"57":0,"58":0,"59":0,"60":0,"61":0,"62":0,"63":0,"64":0,"65":0,"66":0,"67":0,"68":0,"69":0,"70":0,"71":0,"72":0,"73":0,"74":0,"75":0,"76":0,"77":0,"78":0,"79":0,"80":0,"81":0,"82":0,"83":0,"84":0,"85":0},"f":{"0":0,"1":0,"2":0,"3":0,"4":0,"5":0,"6":0,"7":0,"8":0,"9":0},"b":{"0":[0,0],"1":[0,0],"2":[0,0],"3":[0,0],"4":[0,0],"5":[0,0],"6":[0,0],"7":[0,0],"8":[0,0],"9":[0,0],"10":[0,0],"11":[0,0]},"hash":"2695f443bee35b4f0fb93f250eecbba90a5281b4"}
,"C:\\Users\\Tommy\\Desktop\\React_Exam\\src\\client\\header.jsx": {"path":"C:\\Users\\Tommy\\Desktop\\React_Exam\\src\\client\\header.jsx","statementMap":{"0":{"start":{"line":6,"column":8},"end":{"line":6,"column":21}},"1":{"start":{"line":9,"column":19},"end":{"line":29,"column":5}},"2":{"start":{"line":10,"column":20},"end":{"line":10,"column":33}},"3":{"start":{"line":13,"column":8},"end":{"line":20,"column":9}},"4":{"start":{"line":14,"column":12},"end":{"line":16,"column":14}},"5":{"start":{"line":18,"column":12},"end":{"line":18,"column":59}},"6":{"start":{"line":19,"column":12},"end":{"line":19,"column":19}},"7":{"start":{"line":22,"column":8},"end":{"line":25,"column":9}},"8":{"start":{"line":23,"column":12},"end":{"line":23,"column":90}},"9":{"start":{"line":24,"column":12},"end":{"line":24,"column":19}},"10":{"start":{"line":27,"column":8},"end":{"line":27,"column":44}},"11":{"start":{"line":28,"column":8},"end":{"line":28,"column":37}},"12":{"start":{"line":33,"column":8},"end":{"line":39,"column":9}},"13":{"start":{"line":44,"column":8},"end":{"line":55,"column":9}},"14":{"start":{"line":60,"column":23},"end":{"line":60,"column":40}},"15":{"start":{"line":63,"column":8},"end":{"line":67,"column":9}},"16":{"start":{"line":64,"column":12},"end":{"line":64,"column":47}},"17":{"start":{"line":66,"column":12},"end":{"line":66,"column":50}},"18":{"start":{"line":70,"column":8},"end":{"line":76,"column":9}}},"fnMap":{"0":{"name":"(anonymous_0)","decl":{"start":{"line":5,"column":4},"end":{"line":5,"column":5}},"loc":{"start":{"line":5,"column":23},"end":{"line":7,"column":5}},"line":5},"1":{"name":"(anonymous_1)","decl":{"start":{"line":9,"column":19},"end":{"line":9,"column":20}},"loc":{"start":{"line":9,"column":31},"end":{"line":29,"column":5}},"line":9},"2":{"name":"(anonymous_2)","decl":{"start":{"line":31,"column":4},"end":{"line":31,"column":5}},"loc":{"start":{"line":31,"column":24},"end":{"line":40,"column":5}},"line":31},"3":{"name":"(anonymous_3)","decl":{"start":{"line":42,"column":4},"end":{"line":42,"column":5}},"loc":{"start":{"line":42,"column":27},"end":{"line":56,"column":5}},"line":42},"4":{"name":"(anonymous_4)","decl":{"start":{"line":58,"column":4},"end":{"line":58,"column":5}},"loc":{"start":{"line":58,"column":13},"end":{"line":78,"column":5}},"line":58}},"branchMap":{"0":{"loc":{"start":{"line":22,"column":8},"end":{"line":25,"column":9}},"type":"if","locations":[{"start":{"line":22,"column":8},"end":{"line":25,"column":9}},{"start":{"line":22,"column":8},"end":{"line":25,"column":9}}],"line":22},"1":{"loc":{"start":{"line":63,"column":8},"end":{"line":67,"column":9}},"type":"if","locations":[{"start":{"line":63,"column":8},"end":{"line":67,"column":9}},{"start":{"line":63,"column":8},"end":{"line":67,"column":9}}],"line":63}},"s":{"0":2,"1":2,"2":0,"3":0,"4":0,"5":0,"6":0,"7":0,"8":0,"9":0,"10":0,"11":0,"12":1,"13":1,"14":2,"15":2,"16":1,"17":1,"18":2},"f":{"0":2,"1":0,"2":1,"3":1,"4":2},"b":{"0":[0,0],"1":[1,1]},"_coverageSchema":"43e27e138ebf9cfc5966b082cf9a028302ed4184","hash":"dba21b02b8bf67fca7fb49e7464b26c2a94234e8"}
,"C:\\Users\\Tommy\\Desktop\\React_Exam\\src\\client\\home.jsx": {"path":"C:\\Users\\Tommy\\Desktop\\React_Exam\\src\\client\\home.jsx","statementMap":{"0":{"start":{"line":6,"column":16},"end":{"line":6,"column":47}},"1":{"start":{"line":10,"column":8},"end":{"line":10,"column":21}},"2":{"start":{"line":16,"column":8},"end":{"line":18,"column":9}},"3":{"start":{"line":17,"column":12},"end":{"line":17,"column":48}},"4":{"start":{"line":22,"column":8},"end":{"line":22,"column":47}},"5":{"start":{"line":27,"column":23},"end":{"line":27,"column":46}},"6":{"start":{"line":28,"column":8},"end":{"line":42,"column":9}},"7":{"start":{"line":46,"column":21},"end":{"line":46,"column":52}},"8":{"start":{"line":48,"column":8},"end":{"line":59,"column":9}},"9":{"start":{"line":63,"column":26},"end":{"line":63,"column":49}},"10":{"start":{"line":65,"column":8},"end":{"line":88,"column":10}},"11":{"start":{"line":76,"column":20},"end":{"line":84,"column":25}},"12":{"start":{"line":94,"column":21},"end":{"line":94,"column":36}},"13":{"start":{"line":96,"column":8},"end":{"line":100,"column":9}},"14":{"start":{"line":97,"column":12},"end":{"line":97,"column":39}},"15":{"start":{"line":99,"column":12},"end":{"line":99,"column":42}},"16":{"start":{"line":101,"column":8},"end":{"line":109,"column":9}}},"fnMap":{"0":{"name":"(anonymous_0)","decl":{"start":{"line":9,"column":4},"end":{"line":9,"column":5}},"loc":{"start":{"line":9,"column":23},"end":{"line":13,"column":5}},"line":9},"1":{"name":"(anonymous_1)","decl":{"start":{"line":15,"column":4},"end":{"line":15,"column":5}},"loc":{"start":{"line":15,"column":24},"end":{"line":19,"column":5}},"line":15},"2":{"name":"(anonymous_2)","decl":{"start":{"line":21,"column":4},"end":{"line":21,"column":5}},"loc":{"start":{"line":21,"column":23},"end":{"line":23,"column":5}},"line":21},"3":{"name":"(anonymous_3)","decl":{"start":{"line":26,"column":4},"end":{"line":26,"column":5}},"loc":{"start":{"line":26,"column":22},"end":{"line":43,"column":5}},"line":26},"4":{"name":"(anonymous_4)","decl":{"start":{"line":45,"column":4},"end":{"line":45,"column":5}},"loc":{"start":{"line":45,"column":19},"end":{"line":60,"column":5}},"line":45},"5":{"name":"(anonymous_5)","decl":{"start":{"line":62,"column":4},"end":{"line":62,"column":5}},"loc":{"start":{"line":62,"column":20},"end":{"line":89,"column":5}},"line":62},"6":{"name":"(anonymous_6)","decl":{"start":{"line":75,"column":31},"end":{"line":75,"column":32}},"loc":{"start":{"line":76,"column":20},"end":{"line":84,"column":25}},"line":76},"7":{"name":"(anonymous_7)","decl":{"start":{"line":91,"column":4},"end":{"line":91,"column":5}},"loc":{"start":{"line":91,"column":13},"end":{"line":110,"column":5}},"line":91}},"branchMap":{"0":{"loc":{"start":{"line":16,"column":8},"end":{"line":18,"column":9}},"type":"if","locations":[{"start":{"line":16,"column":8},"end":{"line":18,"column":9}},{"start":{"line":16,"column":8},"end":{"line":18,"column":9}}],"line":16},"1":{"loc":{"start":{"line":96,"column":8},"end":{"line":100,"column":9}},"type":"if","locations":[{"start":{"line":96,"column":8},"end":{"line":100,"column":9}},{"start":{"line":96,"column":8},"end":{"line":100,"column":9}}],"line":96}},"s":{"0":0,"1":0,"2":0,"3":0,"4":0,"5":0,"6":0,"7":0,"8":0,"9":0,"10":0,"11":0,"12":0,"13":0,"14":0,"15":0,"16":0},"f":{"0":0,"1":0,"2":0,"3":0,"4":0,"5":0,"6":0,"7":0},"b":{"0":[0,0],"1":[0,0]},"hash":"4772d529b8573f917225ca7368c66369ede4cb98"}
,"C:\\Users\\Tommy\\Desktop\\React_Exam\\src\\client\\index.jsx": {"path":"C:\\Users\\Tommy\\Desktop\\React_Exam\\src\\client\\index.jsx","statementMap":{"0":{"start":{"line":14,"column":8},"end":{"line":14,"column":21}},"1":{"start":{"line":17,"column":8},"end":{"line":21,"column":9}},"2":{"start":{"line":25,"column":8},"end":{"line":25,"column":38}},"3":{"start":{"line":27,"column":23},"end":{"line":27,"column":28}},"4":{"start":{"line":28,"column":8},"end":{"line":30,"column":9}},"5":{"start":{"line":29,"column":12},"end":{"line":29,"column":30}},"6":{"start":{"line":32,"column":8},"end":{"line":32,"column":76}},"7":{"start":{"line":34,"column":8},"end":{"line":43,"column":9}},"8":{"start":{"line":35,"column":24},"end":{"line":35,"column":46}},"9":{"start":{"line":37,"column":12},"end":{"line":40,"column":13}},"10":{"start":{"line":38,"column":16},"end":{"line":38,"column":52}},"11":{"start":{"line":39,"column":16},"end":{"line":39,"column":23}},"12":{"start":{"line":42,"column":12},"end":{"line":42,"column":54}},"13":{"start":{"line":47,"column":8},"end":{"line":47,"column":28}},"14":{"start":{"line":51,"column":29},"end":{"line":76,"column":5}},"15":{"start":{"line":52,"column":20},"end":{"line":52,"column":31}},"16":{"start":{"line":55,"column":8},"end":{"line":62,"column":9}},"17":{"start":{"line":56,"column":12},"end":{"line":58,"column":15}},"18":{"start":{"line":60,"column":12},"end":{"line":60,"column":83}},"19":{"start":{"line":61,"column":12},"end":{"line":61,"column":19}},"20":{"start":{"line":64,"column":8},"end":{"line":67,"column":9}},"21":{"start":{"line":65,"column":12},"end":{"line":65,"column":42}},"22":{"start":{"line":66,"column":12},"end":{"line":66,"column":19}},"23":{"start":{"line":69,"column":8},"end":{"line":74,"column":9}},"24":{"start":{"line":70,"column":12},"end":{"line":70,"column":87}},"25":{"start":{"line":72,"column":28},"end":{"line":72,"column":49}},"26":{"start":{"line":73,"column":12},"end":{"line":73,"column":45}},"27":{"start":{"line":78,"column":25},"end":{"line":80,"column":5}},"28":{"start":{"line":79,"column":8},"end":{"line":79,"column":35}},"29":{"start":{"line":84,"column":21},"end":{"line":84,"column":64}},"30":{"start":{"line":86,"column":8},"end":{"line":130,"column":9}},"31":{"start":{"line":94,"column":31},"end":{"line":98,"column":33}},"32":{"start":{"line":104,"column":31},"end":{"line":107,"column":33}},"33":{"start":{"line":112,"column":31},"end":{"line":115,"column":33}},"34":{"start":{"line":120,"column":31},"end":{"line":124,"column":33}},"35":{"start":{"line":135,"column":0},"end":{"line":135,"column":58}}},"fnMap":{"0":{"name":"(anonymous_0)","decl":{"start":{"line":13,"column":4},"end":{"line":13,"column":5}},"loc":{"start":{"line":13,"column":23},"end":{"line":22,"column":5}},"line":13},"1":{"name":"(anonymous_1)","decl":{"start":{"line":24,"column":4},"end":{"line":24,"column":5}},"loc":{"start":{"line":24,"column":24},"end":{"line":44,"column":5}},"line":24},"2":{"name":"(anonymous_2)","decl":{"start":{"line":34,"column":32},"end":{"line":34,"column":33}},"loc":{"start":{"line":34,"column":43},"end":{"line":43,"column":9}},"line":34},"3":{"name":"(anonymous_3)","decl":{"start":{"line":46,"column":4},"end":{"line":46,"column":5}},"loc":{"start":{"line":46,"column":27},"end":{"line":48,"column":5}},"line":46},"4":{"name":"(anonymous_4)","decl":{"start":{"line":51,"column":29},"end":{"line":51,"column":30}},"loc":{"start":{"line":51,"column":41},"end":{"line":76,"column":5}},"line":51},"5":{"name":"(anonymous_5)","decl":{"start":{"line":78,"column":25},"end":{"line":78,"column":26}},"loc":{"start":{"line":78,"column":35},"end":{"line":80,"column":5}},"line":78},"6":{"name":"(anonymous_6)","decl":{"start":{"line":82,"column":4},"end":{"line":82,"column":5}},"loc":{"start":{"line":82,"column":13},"end":{"line":131,"column":5}},"line":82},"7":{"name":"(anonymous_7)","decl":{"start":{"line":93,"column":35},"end":{"line":93,"column":36}},"loc":{"start":{"line":94,"column":31},"end":{"line":98,"column":33}},"line":94},"8":{"name":"(anonymous_8)","decl":{"start":{"line":103,"column":35},"end":{"line":103,"column":36}},"loc":{"start":{"line":104,"column":31},"end":{"line":107,"column":33}},"line":104},"9":{"name":"(anonymous_9)","decl":{"start":{"line":111,"column":35},"end":{"line":111,"column":36}},"loc":{"start":{"line":112,"column":31},"end":{"line":115,"column":33}},"line":112},"10":{"name":"(anonymous_10)","decl":{"start":{"line":119,"column":35},"end":{"line":119,"column":36}},"loc":{"start":{"line":120,"column":31},"end":{"line":124,"column":33}},"line":120}},"branchMap":{"0":{"loc":{"start":{"line":28,"column":8},"end":{"line":30,"column":9}},"type":"if","locations":[{"start":{"line":28,"column":8},"end":{"line":30,"column":9}},{"start":{"line":28,"column":8},"end":{"line":30,"column":9}}],"line":28},"1":{"loc":{"start":{"line":37,"column":12},"end":{"line":40,"column":13}},"type":"if","locations":[{"start":{"line":37,"column":12},"end":{"line":40,"column":13}},{"start":{"line":37,"column":12},"end":{"line":40,"column":13}}],"line":37},"2":{"loc":{"start":{"line":37,"column":15},"end":{"line":37,"column":37}},"type":"binary-expr","locations":[{"start":{"line":37,"column":15},"end":{"line":37,"column":19}},{"start":{"line":37,"column":23},"end":{"line":37,"column":37}}],"line":37},"3":{"loc":{"start":{"line":64,"column":8},"end":{"line":67,"column":9}},"type":"if","locations":[{"start":{"line":64,"column":8},"end":{"line":67,"column":9}},{"start":{"line":64,"column":8},"end":{"line":67,"column":9}}],"line":64},"4":{"loc":{"start":{"line":69,"column":8},"end":{"line":74,"column":9}},"type":"if","locations":[{"start":{"line":69,"column":8},"end":{"line":74,"column":9}},{"start":{"line":69,"column":8},"end":{"line":74,"column":9}}],"line":69},"5":{"loc":{"start":{"line":84,"column":21},"end":{"line":84,"column":64}},"type":"cond-expr","locations":[{"start":{"line":84,"column":39},"end":{"line":84,"column":57}},{"start":{"line":84,"column":60},"end":{"line":84,"column":64}}],"line":84}},"s":{"0":0,"1":0,"2":0,"3":0,"4":0,"5":0,"6":0,"7":0,"8":0,"9":0,"10":0,"11":0,"12":0,"13":0,"14":0,"15":0,"16":0,"17":0,"18":0,"19":0,"20":0,"21":0,"22":0,"23":0,"24":0,"25":0,"26":0,"27":0,"28":0,"29":0,"30":0,"31":0,"32":0,"33":0,"34":0,"35":0},"f":{"0":0,"1":0,"2":0,"3":0,"4":0,"5":0,"6":0,"7":0,"8":0,"9":0,"10":0},"b":{"0":[0,0],"1":[0,0],"2":[0,0],"3":[0,0],"4":[0,0],"5":[0,0]},"hash":"bd7679e6359e1aa0bb095217635e5c4a5f2312f2"}
,"C:\\Users\\Tommy\\Desktop\\React_Exam\\src\\client\\login.jsx": {"path":"C:\\Users\\Tommy\\Desktop\\React_Exam\\src\\client\\login.jsx","statementMap":{"0":{"start":{"line":5,"column":8},"end":{"line":5,"column":21}},"1":{"start":{"line":7,"column":8},"end":{"line":11,"column":9}},"2":{"start":{"line":15,"column":24},"end":{"line":17,"column":5}},"3":{"start":{"line":16,"column":8},"end":{"line":16,"column":51}},"4":{"start":{"line":19,"column":24},"end":{"line":21,"column":5}},"5":{"start":{"line":20,"column":8},"end":{"line":20,"column":53}},"6":{"start":{"line":24,"column":14},"end":{"line":61,"column":5}},"7":{"start":{"line":25,"column":35},"end":{"line":25,"column":45}},"8":{"start":{"line":27,"column":20},"end":{"line":27,"column":32}},"9":{"start":{"line":29,"column":24},"end":{"line":29,"column":60}},"10":{"start":{"line":31,"column":8},"end":{"line":44,"column":9}},"11":{"start":{"line":32,"column":12},"end":{"line":38,"column":14}},"12":{"start":{"line":40,"column":12},"end":{"line":42,"column":15}},"13":{"start":{"line":43,"column":12},"end":{"line":43,"column":19}},"14":{"start":{"line":46,"column":8},"end":{"line":49,"column":9}},"15":{"start":{"line":47,"column":12},"end":{"line":47,"column":67}},"16":{"start":{"line":48,"column":12},"end":{"line":48,"column":19}},"17":{"start":{"line":51,"column":8},"end":{"line":56,"column":9}},"18":{"start":{"line":52,"column":12},"end":{"line":54,"column":15}},"19":{"start":{"line":55,"column":12},"end":{"line":55,"column":19}},"20":{"start":{"line":58,"column":8},"end":{"line":58,"column":40}},"21":{"start":{"line":59,"column":8},"end":{"line":59,"column":50}},"22":{"start":{"line":60,"column":8},"end":{"line":60,"column":37}},"23":{"start":{"line":65,"column":8},"end":{"line":89,"column":9}}},"fnMap":{"0":{"name":"(anonymous_0)","decl":{"start":{"line":4,"column":4},"end":{"line":4,"column":5}},"loc":{"start":{"line":4,"column":23},"end":{"line":13,"column":5}},"line":4},"1":{"name":"(anonymous_1)","decl":{"start":{"line":15,"column":24},"end":{"line":15,"column":25}},"loc":{"start":{"line":15,"column":33},"end":{"line":17,"column":5}},"line":15},"2":{"name":"(anonymous_2)","decl":{"start":{"line":19,"column":24},"end":{"line":19,"column":25}},"loc":{"start":{"line":19,"column":33},"end":{"line":21,"column":5}},"line":19},"3":{"name":"(anonymous_3)","decl":{"start":{"line":24,"column":14},"end":{"line":24,"column":15}},"loc":{"start":{"line":24,"column":26},"end":{"line":61,"column":5}},"line":24},"4":{"name":"(anonymous_4)","decl":{"start":{"line":64,"column":4},"end":{"line":64,"column":5}},"loc":{"start":{"line":64,"column":13},"end":{"line":90,"column":5}},"line":64}},"branchMap":{"0":{"loc":{"start":{"line":46,"column":8},"end":{"line":49,"column":9}},"type":"if","locations":[{"start":{"line":46,"column":8},"end":{"line":49,"column":9}},{"start":{"line":46,"column":8},"end":{"line":49,"column":9}}],"line":46},"1":{"loc":{"start":{"line":51,"column":8},"end":{"line":56,"column":9}},"type":"if","locations":[{"start":{"line":51,"column":8},"end":{"line":56,"column":9}},{"start":{"line":51,"column":8},"end":{"line":56,"column":9}}],"line":51}},"s":{"0":2,"1":2,"2":2,"3":1,"4":2,"5":1,"6":2,"7":1,"8":1,"9":1,"10":1,"11":1,"12":1,"13":1,"14":0,"15":0,"16":0,"17":0,"18":0,"19":0,"20":0,"21":0,"22":0,"23":5},"f":{"0":2,"1":1,"2":1,"3":1,"4":5},"b":{"0":[0,0],"1":[0,0]},"_coverageSchema":"43e27e138ebf9cfc5966b082cf9a028302ed4184","hash":"53d7663cf1c88bf552d08c4efe5760fb8b2e2fc4"}
,"C:\\Users\\Tommy\\Desktop\\React_Exam\\src\\client\\notfound.jsx": {"path":"C:\\Users\\Tommy\\Desktop\\React_Exam\\src\\client\\notfound.jsx","statementMap":{"0":{"start":{"line":5,"column":8},"end":{"line":5,"column":21}},"1":{"start":{"line":9,"column":8},"end":{"line":20,"column":9}}},"fnMap":{"0":{"name":"(anonymous_0)","decl":{"start":{"line":4,"column":4},"end":{"line":4,"column":5}},"loc":{"start":{"line":4,"column":23},"end":{"line":6,"column":5}},"line":4},"1":{"name":"(anonymous_1)","decl":{"start":{"line":8,"column":4},"end":{"line":8,"column":5}},"loc":{"start":{"line":8,"column":13},"end":{"line":21,"column":5}},"line":8}},"branchMap":{},"s":{"0":1,"1":1},"f":{"0":1,"1":1},"b":{},"_coverageSchema":"43e27e138ebf9cfc5966b082cf9a028302ed4184","hash":"827dd47a27766e5d0969821a9715b4fe28d23c03"}
,"C:\\Users\\Tommy\\Desktop\\React_Exam\\src\\client\\signup.jsx": {"path":"C:\\Users\\Tommy\\Desktop\\React_Exam\\src\\client\\signup.jsx","statementMap":{"0":{"start":{"line":6,"column":8},"end":{"line":6,"column":21}},"1":{"start":{"line":8,"column":8},"end":{"line":14,"column":9}},"2":{"start":{"line":18,"column":23},"end":{"line":20,"column":5}},"3":{"start":{"line":19,"column":8},"end":{"line":19,"column":53}},"4":{"start":{"line":22,"column":23},"end":{"line":24,"column":5}},"5":{"start":{"line":23,"column":8},"end":{"line":23,"column":54}},"6":{"start":{"line":26,"column":22},"end":{"line":28,"column":5}},"7":{"start":{"line":27,"column":8},"end":{"line":27,"column":56}},"8":{"start":{"line":31,"column":21},"end":{"line":79,"column":5}},"9":{"start":{"line":32,"column":49},"end":{"line":32,"column":59}},"10":{"start":{"line":34,"column":28},"end":{"line":34,"column":67}},"11":{"start":{"line":36,"column":8},"end":{"line":77,"column":9}},"12":{"start":{"line":37,"column":12},"end":{"line":74,"column":13}},"13":{"start":{"line":38,"column":16},"end":{"line":38,"column":68}},"14":{"start":{"line":41,"column":32},"end":{"line":41,"column":70}},"15":{"start":{"line":43,"column":28},"end":{"line":43,"column":41}},"16":{"start":{"line":46,"column":16},"end":{"line":59,"column":17}},"17":{"start":{"line":47,"column":20},"end":{"line":53,"column":23}},"18":{"start":{"line":55,"column":20},"end":{"line":57,"column":23}},"19":{"start":{"line":58,"column":20},"end":{"line":58,"column":27}},"20":{"start":{"line":61,"column":16},"end":{"line":63,"column":17}},"21":{"start":{"line":62,"column":20},"end":{"line":62,"column":76}},"22":{"start":{"line":65,"column":16},"end":{"line":70,"column":17}},"23":{"start":{"line":66,"column":20},"end":{"line":69,"column":23}},"24":{"start":{"line":72,"column":16},"end":{"line":72,"column":58}},"25":{"start":{"line":73,"column":16},"end":{"line":73,"column":45}},"26":{"start":{"line":76,"column":12},"end":{"line":76,"column":69}},"27":{"start":{"line":82,"column":31},"end":{"line":85,"column":5}},"28":{"start":{"line":83,"column":23},"end":{"line":83,"column":71}},"29":{"start":{"line":84,"column":8},"end":{"line":84,"column":37}},"30":{"start":{"line":90,"column":8},"end":{"line":127,"column":9}}},"fnMap":{"0":{"name":"(anonymous_0)","decl":{"start":{"line":5,"column":4},"end":{"line":5,"column":5}},"loc":{"start":{"line":5,"column":23},"end":{"line":16,"column":5}},"line":5},"1":{"name":"(anonymous_1)","decl":{"start":{"line":18,"column":23},"end":{"line":18,"column":24}},"loc":{"start":{"line":18,"column":32},"end":{"line":20,"column":5}},"line":18},"2":{"name":"(anonymous_2)","decl":{"start":{"line":22,"column":23},"end":{"line":22,"column":24}},"loc":{"start":{"line":22,"column":32},"end":{"line":24,"column":5}},"line":22},"3":{"name":"(anonymous_3)","decl":{"start":{"line":26,"column":22},"end":{"line":26,"column":23}},"loc":{"start":{"line":26,"column":31},"end":{"line":28,"column":5}},"line":26},"4":{"name":"(anonymous_4)","decl":{"start":{"line":31,"column":21},"end":{"line":31,"column":22}},"loc":{"start":{"line":31,"column":33},"end":{"line":79,"column":5}},"line":31},"5":{"name":"(anonymous_5)","decl":{"start":{"line":82,"column":31},"end":{"line":82,"column":32}},"loc":{"start":{"line":82,"column":45},"end":{"line":85,"column":5}},"line":82},"6":{"name":"(anonymous_6)","decl":{"start":{"line":87,"column":4},"end":{"line":87,"column":5}},"loc":{"start":{"line":87,"column":13},"end":{"line":128,"column":5}},"line":87}},"branchMap":{"0":{"loc":{"start":{"line":36,"column":8},"end":{"line":77,"column":9}},"type":"if","locations":[{"start":{"line":36,"column":8},"end":{"line":77,"column":9}},{"start":{"line":36,"column":8},"end":{"line":77,"column":9}}],"line":36},"1":{"loc":{"start":{"line":37,"column":12},"end":{"line":74,"column":13}},"type":"if","locations":[{"start":{"line":37,"column":12},"end":{"line":74,"column":13}},{"start":{"line":37,"column":12},"end":{"line":74,"column":13}}],"line":37},"2":{"loc":{"start":{"line":61,"column":16},"end":{"line":63,"column":17}},"type":"if","locations":[{"start":{"line":61,"column":16},"end":{"line":63,"column":17}},{"start":{"line":61,"column":16},"end":{"line":63,"column":17}}],"line":61},"3":{"loc":{"start":{"line":65,"column":16},"end":{"line":70,"column":17}},"type":"if","locations":[{"start":{"line":65,"column":16},"end":{"line":70,"column":17}},{"start":{"line":65,"column":16},"end":{"line":70,"column":17}}],"line":65}},"s":{"0":5,"1":5,"2":5,"3":3,"4":5,"5":3,"6":5,"7":3,"8":5,"9":3,"10":3,"11":3,"12":2,"13":1,"14":1,"15":1,"16":1,"17":1,"18":1,"19":1,"20":0,"21":0,"22":0,"23":0,"24":0,"25":0,"26":1,"27":5,"28":3,"29":3,"30":17},"f":{"0":5,"1":3,"2":3,"3":3,"4":3,"5":3,"6":17},"b":{"0":[2,1],"1":[1,1],"2":[0,0],"3":[0,0]},"_coverageSchema":"43e27e138ebf9cfc5966b082cf9a028302ed4184","hash":"740527d694323b8ec0bd6da32d0cf5abeae1b1f9"}
,"C:\\Users\\Tommy\\Desktop\\React_Exam\\src\\server\\app.js": {"path":"C:\\Users\\Tommy\\Desktop\\React_Exam\\src\\server\\app.js","statementMap":{"0":{"start":{"line":1,"column":16},"end":{"line":1,"column":34}},"1":{"start":{"line":2,"column":19},"end":{"line":2,"column":41}},"2":{"start":{"line":3,"column":13},"end":{"line":3,"column":28}},"3":{"start":{"line":4,"column":17},"end":{"line":4,"column":36}},"4":{"start":{"line":5,"column":16},"end":{"line":5,"column":42}},"5":{"start":{"line":6,"column":22},"end":{"line":6,"column":56}},"6":{"start":{"line":8,"column":16},"end":{"line":8,"column":44}},"7":{"start":{"line":9,"column":16},"end":{"line":9,"column":44}},"8":{"start":{"line":11,"column":14},"end":{"line":11,"column":35}},"9":{"start":{"line":13,"column":12},"end":{"line":13,"column":21}},"10":{"start":{"line":15,"column":0},"end":{"line":15,"column":27}},"11":{"start":{"line":17,"column":0},"end":{"line":17,"column":34}},"12":{"start":{"line":19,"column":0},"end":{"line":23,"column":4}},"13":{"start":{"line":25,"column":0},"end":{"line":40,"column":3}},"14":{"start":{"line":31,"column":19},"end":{"line":31,"column":53}},"15":{"start":{"line":33,"column":8},"end":{"line":35,"column":9}},"16":{"start":{"line":34,"column":12},"end":{"line":34,"column":77}},"17":{"start":{"line":37,"column":21},"end":{"line":37,"column":42}},"18":{"start":{"line":38,"column":8},"end":{"line":38,"column":32}},"19":{"start":{"line":42,"column":0},"end":{"line":44,"column":3}},"20":{"start":{"line":43,"column":4},"end":{"line":43,"column":24}},"21":{"start":{"line":46,"column":0},"end":{"line":54,"column":2}},"22":{"start":{"line":47,"column":17},"end":{"line":47,"column":34}},"23":{"start":{"line":49,"column":4},"end":{"line":53,"column":5}},"24":{"start":{"line":50,"column":8},"end":{"line":50,"column":25}},"25":{"start":{"line":52,"column":8},"end":{"line":52,"column":26}},"26":{"start":{"line":56,"column":0},"end":{"line":56,"column":31}},"27":{"start":{"line":57,"column":0},"end":{"line":57,"column":28}},"28":{"start":{"line":61,"column":0},"end":{"line":61,"column":25}},"29":{"start":{"line":62,"column":0},"end":{"line":62,"column":25}},"30":{"start":{"line":65,"column":0},"end":{"line":67,"column":3}},"31":{"start":{"line":66,"column":4},"end":{"line":66,"column":78}},"32":{"start":{"line":69,"column":0},"end":{"line":69,"column":21}}},"fnMap":{"0":{"name":"(anonymous_0)","decl":{"start":{"line":30,"column":4},"end":{"line":30,"column":5}},"loc":{"start":{"line":30,"column":38},"end":{"line":39,"column":5}},"line":30},"1":{"name":"(anonymous_1)","decl":{"start":{"line":42,"column":23},"end":{"line":42,"column":24}},"loc":{"start":{"line":42,"column":45},"end":{"line":44,"column":1}},"line":42},"2":{"name":"(anonymous_2)","decl":{"start":{"line":46,"column":25},"end":{"line":46,"column":26}},"loc":{"start":{"line":46,"column":45},"end":{"line":54,"column":1}},"line":46},"3":{"name":"(anonymous_3)","decl":{"start":{"line":65,"column":8},"end":{"line":65,"column":9}},"loc":{"start":{"line":65,"column":28},"end":{"line":67,"column":1}},"line":65}},"branchMap":{"0":{"loc":{"start":{"line":33,"column":8},"end":{"line":35,"column":9}},"type":"if","locations":[{"start":{"line":33,"column":8},"end":{"line":35,"column":9}},{"start":{"line":33,"column":8},"end":{"line":35,"column":9}}],"line":33},"1":{"loc":{"start":{"line":49,"column":4},"end":{"line":53,"column":5}},"type":"if","locations":[{"start":{"line":49,"column":4},"end":{"line":53,"column":5}},{"start":{"line":49,"column":4},"end":{"line":53,"column":5}}],"line":49}},"s":{"0":1,"1":1,"2":1,"3":1,"4":1,"5":1,"6":1,"7":1,"8":1,"9":1,"10":1,"11":1,"12":1,"13":1,"14":0,"15":0,"16":0,"17":0,"18":0,"19":1,"20":0,"21":1,"22":0,"23":0,"24":0,"25":0,"26":1,"27":1,"28":1,"29":1,"30":1,"31":0,"32":1},"f":{"0":0,"1":0,"2":0,"3":0},"b":{"0":[0,0],"1":[0,0]},"_coverageSchema":"43e27e138ebf9cfc5966b082cf9a028302ed4184","hash":"e0ab5493a5707ca645bb6ef185652f92dc1bb242"}
,"C:\\Users\\Tommy\\Desktop\\React_Exam\\src\\server\\server.js": {"path":"C:\\Users\\Tommy\\Desktop\\React_Exam\\src\\server\\server.js","statementMap":{"0":{"start":{"line":1,"column":12},"end":{"line":1,"column":28}},"1":{"start":{"line":3,"column":13},"end":{"line":3,"column":37}},"2":{"start":{"line":5,"column":0},"end":{"line":7,"column":3}},"3":{"start":{"line":6,"column":4},"end":{"line":6,"column":50}}},"fnMap":{"0":{"name":"(anonymous_0)","decl":{"start":{"line":5,"column":17},"end":{"line":5,"column":18}},"loc":{"start":{"line":5,"column":23},"end":{"line":7,"column":1}},"line":5}},"branchMap":{"0":{"loc":{"start":{"line":3,"column":13},"end":{"line":3,"column":37}},"type":"binary-expr","locations":[{"start":{"line":3,"column":13},"end":{"line":3,"column":29}},{"start":{"line":3,"column":33},"end":{"line":3,"column":37}}],"line":3}},"s":{"0":0,"1":0,"2":0,"3":0},"f":{"0":0},"b":{"0":[0,0]},"hash":"b8823fb4a79efa903dbe6de36d34f3924e71ddea"}
,"C:\\Users\\Tommy\\Desktop\\React_Exam\\src\\server\\ws-handler.js": {"path":"C:\\Users\\Tommy\\Desktop\\React_Exam\\src\\server\\ws-handler.js","statementMap":{"0":{"start":{"line":1,"column":19},"end":{"line":1,"column":40}},"1":{"start":{"line":8,"column":4},"end":{"line":8,"column":26}},"2":{"start":{"line":10,"column":4},"end":{"line":19,"column":7}},"3":{"start":{"line":11,"column":8},"end":{"line":11,"column":55}},"4":{"start":{"line":13,"column":8},"end":{"line":13,"column":25}},"5":{"start":{"line":16,"column":8},"end":{"line":18,"column":11}},"6":{"start":{"line":17,"column":12},"end":{"line":17,"column":29}},"7":{"start":{"line":23,"column":14},"end":{"line":23,"column":39}},"8":{"start":{"line":25,"column":4},"end":{"line":30,"column":7}},"9":{"start":{"line":27,"column":21},"end":{"line":27,"column":51}},"10":{"start":{"line":29,"column":8},"end":{"line":29,"column":26}},"11":{"start":{"line":34,"column":0},"end":{"line":34,"column":24}}},"fnMap":{"0":{"name":"init","decl":{"start":{"line":6,"column":9},"end":{"line":6,"column":13}},"loc":{"start":{"line":6,"column":19},"end":{"line":20,"column":1}},"line":6},"1":{"name":"(anonymous_1)","decl":{"start":{"line":10,"column":16},"end":{"line":10,"column":17}},"loc":{"start":{"line":10,"column":39},"end":{"line":19,"column":5}},"line":10},"2":{"name":"(anonymous_2)","decl":{"start":{"line":16,"column":27},"end":{"line":16,"column":28}},"loc":{"start":{"line":16,"column":33},"end":{"line":18,"column":9}},"line":16},"3":{"name":"broadcastCount","decl":{"start":{"line":22,"column":9},"end":{"line":22,"column":23}},"loc":{"start":{"line":22,"column":26},"end":{"line":31,"column":1}},"line":22},"4":{"name":"(anonymous_4)","decl":{"start":{"line":25,"column":33},"end":{"line":25,"column":34}},"loc":{"start":{"line":25,"column":45},"end":{"line":30,"column":5}},"line":25}},"branchMap":{},"s":{"0":0,"1":0,"2":0,"3":0,"4":0,"5":0,"6":0,"7":0,"8":0,"9":0,"10":0,"11":0},"f":{"0":0,"1":0,"2":0,"3":0,"4":0},"b":{},"hash":"d2edc7c6c2330d2ed8f9a8b9f3d9e0068b0ec468"}
,"C:\\Users\\Tommy\\Desktop\\React_Exam\\src\\server\\db\\lootboxes.js": {"path":"C:\\Users\\Tommy\\Desktop\\React_Exam\\src\\server\\db\\lootboxes.js","statementMap":{"0":{"start":{"line":2,"column":21},"end":{"line":2,"column":30}},"1":{"start":{"line":5,"column":18},"end":{"line":5,"column":27}},"2":{"start":{"line":7,"column":29},"end":{"line":7,"column":49}},"3":{"start":{"line":9,"column":23},"end":{"line":9,"column":24}},"4":{"start":{"line":10,"column":23},"end":{"line":10,"column":24}},"5":{"start":{"line":14,"column":5},"end":{"line":14,"column":40}},"6":{"start":{"line":19,"column":17},"end":{"line":19,"column":33}},"7":{"start":{"line":20,"column":25},"end":{"line":20,"column":53}},"8":{"start":{"line":21,"column":20},"end":{"line":21,"column":39}},"9":{"start":{"line":23,"column":4},"end":{"line":23,"column":26}},"10":{"start":{"line":24,"column":4},"end":{"line":24,"column":16}},"11":{"start":{"line":29,"column":23},"end":{"line":29,"column":47}},"12":{"start":{"line":31,"column":4},"end":{"line":33,"column":5}},"13":{"start":{"line":32,"column":8},"end":{"line":32,"column":21}},"14":{"start":{"line":35,"column":25},"end":{"line":35,"column":53}},"15":{"start":{"line":36,"column":20},"end":{"line":36,"column":39}},"16":{"start":{"line":39,"column":18},"end":{"line":39,"column":41}},"17":{"start":{"line":40,"column":4},"end":{"line":42,"column":5}},"18":{"start":{"line":41,"column":8},"end":{"line":41,"column":21}},"19":{"start":{"line":44,"column":4},"end":{"line":44,"column":29}},"20":{"start":{"line":45,"column":4},"end":{"line":45,"column":16}},"21":{"start":{"line":50,"column":21},"end":{"line":50,"column":49}},"22":{"start":{"line":51,"column":20},"end":{"line":51,"column":35}},"23":{"start":{"line":52,"column":17},"end":{"line":52,"column":42}},"24":{"start":{"line":55,"column":4},"end":{"line":62,"column":5}},"25":{"start":{"line":56,"column":8},"end":{"line":56,"column":20}},"26":{"start":{"line":58,"column":8},"end":{"line":61,"column":9}},"27":{"start":{"line":64,"column":4},"end":{"line":64,"column":15}},"28":{"start":{"line":70,"column":19},"end":{"line":70,"column":35}},"29":{"start":{"line":71,"column":4},"end":{"line":71,"column":23}},"30":{"start":{"line":73,"column":17},"end":{"line":76,"column":5}},"31":{"start":{"line":77,"column":4},"end":{"line":77,"column":32}},"32":{"start":{"line":79,"column":4},"end":{"line":79,"column":16}},"33":{"start":{"line":84,"column":22},"end":{"line":84,"column":38}},"34":{"start":{"line":85,"column":4},"end":{"line":85,"column":23}},"35":{"start":{"line":87,"column":17},"end":{"line":87,"column":33}},"36":{"start":{"line":88,"column":20},"end":{"line":88,"column":39}},"37":{"start":{"line":90,"column":4},"end":{"line":90,"column":41}},"38":{"start":{"line":91,"column":4},"end":{"line":91,"column":21}},"39":{"start":{"line":94,"column":0},"end":{"line":95,"column":28}}},"fnMap":{"0":{"name":"getUsersLootBox","decl":{"start":{"line":13,"column":9},"end":{"line":13,"column":24}},"loc":{"start":{"line":13,"column":36},"end":{"line":15,"column":1}},"line":13},"1":{"name":"addToLootBox","decl":{"start":{"line":18,"column":9},"end":{"line":18,"column":21}},"loc":{"start":{"line":18,"column":43},"end":{"line":25,"column":1}},"line":18},"2":{"name":"deleteLoot","decl":{"start":{"line":28,"column":9},"end":{"line":28,"column":19}},"loc":{"start":{"line":28,"column":41},"end":{"line":46,"column":1}},"line":28},"3":{"name":"getLootBox","decl":{"start":{"line":49,"column":9},"end":{"line":49,"column":19}},"loc":{"start":{"line":49,"column":33},"end":{"line":65,"column":1}},"line":49},"4":{"name":"createLootItem","decl":{"start":{"line":69,"column":9},"end":{"line":69,"column":23}},"loc":{"start":{"line":69,"column":26},"end":{"line":80,"column":1}},"line":69},"5":{"name":"firstTimeCreatedUser","decl":{"start":{"line":83,"column":9},"end":{"line":83,"column":29}},"loc":{"start":{"line":83,"column":32},"end":{"line":92,"column":1}},"line":83}},"branchMap":{"0":{"loc":{"start":{"line":31,"column":4},"end":{"line":33,"column":5}},"type":"if","locations":[{"start":{"line":31,"column":4},"end":{"line":33,"column":5}},{"start":{"line":31,"column":4},"end":{"line":33,"column":5}}],"line":31},"1":{"loc":{"start":{"line":40,"column":4},"end":{"line":42,"column":5}},"type":"if","locations":[{"start":{"line":40,"column":4},"end":{"line":42,"column":5}},{"start":{"line":40,"column":4},"end":{"line":42,"column":5}}],"line":40},"2":{"loc":{"start":{"line":55,"column":4},"end":{"line":62,"column":5}},"type":"if","locations":[{"start":{"line":55,"column":4},"end":{"line":62,"column":5}},{"start":{"line":55,"column":4},"end":{"line":62,"column":5}}],"line":55}},"s":{"0":1,"1":1,"2":1,"3":1,"4":1,"5":0,"6":0,"7":0,"8":0,"9":0,"10":0,"11":0,"12":0,"13":0,"14":0,"15":0,"16":0,"17":0,"18":0,"19":0,"20":0,"21":0,"22":0,"23":0,"24":0,"25":0,"26":0,"27":0,"28":0,"29":0,"30":0,"31":0,"32":0,"33":0,"34":0,"35":0,"36":0,"37":0,"38":0,"39":1},"f":{"0":0,"1":0,"2":0,"3":0,"4":0,"5":0},"b":{"0":[0,0],"1":[0,0],"2":[0,0]},"_coverageSchema":"43e27e138ebf9cfc5966b082cf9a028302ed4184","hash":"60d57261bb2d907831485453c92711b4127ab207"}
,"C:\\Users\\Tommy\\Desktop\\React_Exam\\src\\server\\db\\pokemon.js": {"path":"C:\\Users\\Tommy\\Desktop\\React_Exam\\src\\server\\db\\pokemon.js","statementMap":{"0":{"start":{"line":1,"column":16},"end":{"line":63,"column":1}},"1":{"start":{"line":68,"column":27},"end":{"line":68,"column":29}},"2":{"start":{"line":70,"column":4},"end":{"line":74,"column":5}},"3":{"start":{"line":70,"column":16},"end":{"line":70,"column":17}},"4":{"start":{"line":71,"column":18},"end":{"line":71,"column":60}},"5":{"start":{"line":72,"column":25},"end":{"line":72,"column":35}},"6":{"start":{"line":73,"column":8},"end":{"line":73,"column":38}},"7":{"start":{"line":76,"column":4},"end":{"line":76,"column":26}},"8":{"start":{"line":80,"column":4},"end":{"line":80,"column":26}},"9":{"start":{"line":84,"column":4},"end":{"line":84,"column":19}},"10":{"start":{"line":87,"column":0},"end":{"line":87,"column":85}}},"fnMap":{"0":{"name":"getPokemonCardItem","decl":{"start":{"line":67,"column":9},"end":{"line":67,"column":27}},"loc":{"start":{"line":67,"column":30},"end":{"line":77,"column":1}},"line":67},"1":{"name":"countPokemonAvailable","decl":{"start":{"line":79,"column":9},"end":{"line":79,"column":30}},"loc":{"start":{"line":79,"column":33},"end":{"line":81,"column":1}},"line":79},"2":{"name":"getAllPokemon","decl":{"start":{"line":83,"column":9},"end":{"line":83,"column":22}},"loc":{"start":{"line":83,"column":25},"end":{"line":85,"column":1}},"line":83}},"branchMap":{},"s":{"0":1,"1":0,"2":0,"3":0,"4":0,"5":0,"6":0,"7":0,"8":0,"9":0,"10":1},"f":{"0":0,"1":0,"2":0},"b":{},"_coverageSchema":"43e27e138ebf9cfc5966b082cf9a028302ed4184","hash":"e15d2a481014d581b6854c092ac39db292b8ad8a"}
,"C:\\Users\\Tommy\\Desktop\\React_Exam\\src\\server\\db\\storageBox.js": {"path":"C:\\Users\\Tommy\\Desktop\\React_Exam\\src\\server\\db\\storageBox.js","statementMap":{"0":{"start":{"line":9,"column":19},"end":{"line":9,"column":28}},"1":{"start":{"line":11,"column":16},"end":{"line":11,"column":17}},"2":{"start":{"line":14,"column":15},"end":{"line":14,"column":24}},"3":{"start":{"line":15,"column":4},"end":{"line":15,"column":16}},"4":{"start":{"line":16,"column":4},"end":{"line":16,"column":14}},"5":{"start":{"line":27,"column":0},"end":{"line":30,"column":2}}},"fnMap":{"0":{"name":"createStorageBoxForUser","decl":{"start":{"line":13,"column":9},"end":{"line":13,"column":32}},"loc":{"start":{"line":13,"column":41},"end":{"line":17,"column":1}},"line":13},"1":{"name":"addPokemonsToStorageBox","decl":{"start":{"line":19,"column":9},"end":{"line":19,"column":32}},"loc":{"start":{"line":19,"column":43},"end":{"line":21,"column":1}},"line":19},"2":{"name":"removeFromStorageBox","decl":{"start":{"line":23,"column":9},"end":{"line":23,"column":29}},"loc":{"start":{"line":23,"column":47},"end":{"line":25,"column":1}},"line":23}},"branchMap":{},"s":{"0":1,"1":1,"2":0,"3":0,"4":0,"5":1},"f":{"0":0,"1":0,"2":0},"b":{},"_coverageSchema":"43e27e138ebf9cfc5966b082cf9a028302ed4184","hash":"1819d9c4ed4f9d00866871c1d6e3f587e1a9f842"}
,"C:\\Users\\Tommy\\Desktop\\React_Exam\\src\\server\\db\\users.js": {"path":"C:\\Users\\Tommy\\Desktop\\React_Exam\\src\\server\\db\\users.js","statementMap":{"0":{"start":{"line":2,"column":14},"end":{"line":2,"column":23}},"1":{"start":{"line":4,"column":31},"end":{"line":4,"column":53}},"2":{"start":{"line":5,"column":34},"end":{"line":5,"column":57}},"3":{"start":{"line":8,"column":4},"end":{"line":8,"column":25}},"4":{"start":{"line":12,"column":17},"end":{"line":12,"column":28}},"5":{"start":{"line":14,"column":4},"end":{"line":16,"column":5}},"6":{"start":{"line":15,"column":8},"end":{"line":15,"column":21}},"7":{"start":{"line":18,"column":4},"end":{"line":18,"column":38}},"8":{"start":{"line":23,"column":17},"end":{"line":28,"column":5}},"9":{"start":{"line":32,"column":4},"end":{"line":32,"column":24}},"10":{"start":{"line":33,"column":4},"end":{"line":33,"column":21}},"11":{"start":{"line":34,"column":4},"end":{"line":34,"column":16}},"12":{"start":{"line":38,"column":4},"end":{"line":38,"column":18}},"13":{"start":{"line":42,"column":0},"end":{"line":42,"column":66}}},"fnMap":{"0":{"name":"getUser","decl":{"start":{"line":7,"column":9},"end":{"line":7,"column":16}},"loc":{"start":{"line":7,"column":21},"end":{"line":9,"column":1}},"line":7},"1":{"name":"verifyUser","decl":{"start":{"line":11,"column":9},"end":{"line":11,"column":19}},"loc":{"start":{"line":11,"column":34},"end":{"line":19,"column":1}},"line":11},"2":{"name":"createUser","decl":{"start":{"line":21,"column":9},"end":{"line":21,"column":19}},"loc":{"start":{"line":21,"column":34},"end":{"line":35,"column":1}},"line":21},"3":{"name":"resetAllUsers","decl":{"start":{"line":37,"column":9},"end":{"line":37,"column":22}},"loc":{"start":{"line":37,"column":25},"end":{"line":39,"column":1}},"line":37}},"branchMap":{"0":{"loc":{"start":{"line":14,"column":4},"end":{"line":16,"column":5}},"type":"if","locations":[{"start":{"line":14,"column":4},"end":{"line":16,"column":5}},{"start":{"line":14,"column":4},"end":{"line":16,"column":5}}],"line":14}},"s":{"0":1,"1":1,"2":1,"3":0,"4":0,"5":0,"6":0,"7":0,"8":0,"9":0,"10":0,"11":0,"12":0,"13":1},"f":{"0":0,"1":0,"2":0,"3":0},"b":{"0":[0,0]},"_coverageSchema":"43e27e138ebf9cfc5966b082cf9a028302ed4184","hash":"a78014620469476cda23d942bfb950bdf630d593"}
,"C:\\Users\\Tommy\\Desktop\\React_Exam\\src\\server\\routes\\auth-api.js": {"path":"C:\\Users\\Tommy\\Desktop\\React_Exam\\src\\server\\routes\\auth-api.js","statementMap":{"0":{"start":{"line":1,"column":16},"end":{"line":1,"column":34}},"1":{"start":{"line":2,"column":17},"end":{"line":2,"column":36}},"2":{"start":{"line":4,"column":14},"end":{"line":4,"column":36}},"3":{"start":{"line":6,"column":15},"end":{"line":6,"column":31}},"4":{"start":{"line":8,"column":0},"end":{"line":10,"column":2}},"5":{"start":{"line":9,"column":4},"end":{"line":9,"column":27}},"6":{"start":{"line":12,"column":0},"end":{"line":15,"column":3}},"7":{"start":{"line":13,"column":4},"end":{"line":13,"column":17}},"8":{"start":{"line":14,"column":4},"end":{"line":14,"column":27}},"9":{"start":{"line":17,"column":0},"end":{"line":34,"column":3}},"10":{"start":{"line":18,"column":20},"end":{"line":18,"column":72}},"11":{"start":{"line":20,"column":4},"end":{"line":23,"column":5}},"12":{"start":{"line":21,"column":8},"end":{"line":21,"column":31}},"13":{"start":{"line":22,"column":8},"end":{"line":22,"column":15}},"14":{"start":{"line":25,"column":4},"end":{"line":33,"column":7}},"15":{"start":{"line":26,"column":8},"end":{"line":32,"column":11}},"16":{"start":{"line":27,"column":12},"end":{"line":31,"column":13}},"17":{"start":{"line":28,"column":16},"end":{"line":28,"column":39}},"18":{"start":{"line":30,"column":16},"end":{"line":30,"column":39}},"19":{"start":{"line":36,"column":0},"end":{"line":45,"column":3}},"20":{"start":{"line":37,"column":4},"end":{"line":40,"column":5}},"21":{"start":{"line":38,"column":8},"end":{"line":38,"column":31}},"22":{"start":{"line":39,"column":8},"end":{"line":39,"column":15}},"23":{"start":{"line":42,"column":4},"end":{"line":44,"column":7}},"24":{"start":{"line":48,"column":0},"end":{"line":48,"column":24}}},"fnMap":{"0":{"name":"(anonymous_0)","decl":{"start":{"line":8,"column":54},"end":{"line":8,"column":55}},"loc":{"start":{"line":8,"column":68},"end":{"line":10,"column":1}},"line":8},"1":{"name":"(anonymous_1)","decl":{"start":{"line":12,"column":23},"end":{"line":12,"column":24}},"loc":{"start":{"line":12,"column":43},"end":{"line":15,"column":1}},"line":12},"2":{"name":"(anonymous_2)","decl":{"start":{"line":17,"column":23},"end":{"line":17,"column":24}},"loc":{"start":{"line":17,"column":43},"end":{"line":34,"column":1}},"line":17},"3":{"name":"(anonymous_3)","decl":{"start":{"line":25,"column":45},"end":{"line":25,"column":46}},"loc":{"start":{"line":25,"column":51},"end":{"line":33,"column":5}},"line":25},"4":{"name":"(anonymous_4)","decl":{"start":{"line":26,"column":25},"end":{"line":26,"column":26}},"loc":{"start":{"line":26,"column":34},"end":{"line":32,"column":9}},"line":26},"5":{"name":"(anonymous_5)","decl":{"start":{"line":36,"column":20},"end":{"line":36,"column":21}},"loc":{"start":{"line":36,"column":40},"end":{"line":45,"column":1}},"line":36}},"branchMap":{"0":{"loc":{"start":{"line":20,"column":4},"end":{"line":23,"column":5}},"type":"if","locations":[{"start":{"line":20,"column":4},"end":{"line":23,"column":5}},{"start":{"line":20,"column":4},"end":{"line":23,"column":5}}],"line":20},"1":{"loc":{"start":{"line":27,"column":12},"end":{"line":31,"column":13}},"type":"if","locations":[{"start":{"line":27,"column":12},"end":{"line":31,"column":13}},{"start":{"line":27,"column":12},"end":{"line":31,"column":13}}],"line":27},"2":{"loc":{"start":{"line":37,"column":4},"end":{"line":40,"column":5}},"type":"if","locations":[{"start":{"line":37,"column":4},"end":{"line":40,"column":5}},{"start":{"line":37,"column":4},"end":{"line":40,"column":5}}],"line":37}},"s":{"0":1,"1":1,"2":1,"3":1,"4":1,"5":0,"6":1,"7":0,"8":0,"9":1,"10":0,"11":0,"12":0,"13":0,"14":0,"15":0,"16":0,"17":0,"18":0,"19":1,"20":0,"21":0,"22":0,"23":0,"24":1},"f":{"0":0,"1":0,"2":0,"3":0,"4":0,"5":0},"b":{"0":[0,0],"1":[0,0],"2":[0,0]},"_coverageSchema":"43e27e138ebf9cfc5966b082cf9a028302ed4184","hash":"abf15dfdb4c1ddf896961891a0ef4d51007f309a"}
,"C:\\Users\\Tommy\\Desktop\\React_Exam\\src\\server\\routes\\loot-api.js": {"path":"C:\\Users\\Tommy\\Desktop\\React_Exam\\src\\server\\routes\\loot-api.js","statementMap":{"0":{"start":{"line":1,"column":16},"end":{"line":1,"column":34}},"1":{"start":{"line":3,"column":47},"end":{"line":3,"column":73}},"2":{"start":{"line":5,"column":15},"end":{"line":5,"column":31}},"3":{"start":{"line":8,"column":0},"end":{"line":23,"column":3}},"4":{"start":{"line":10,"column":4},"end":{"line":13,"column":5}},"5":{"start":{"line":11,"column":8},"end":{"line":11,"column":31}},"6":{"start":{"line":12,"column":8},"end":{"line":12,"column":15}},"7":{"start":{"line":15,"column":20},"end":{"line":15,"column":47}},"8":{"start":{"line":17,"column":4},"end":{"line":22,"column":5}},"9":{"start":{"line":18,"column":8},"end":{"line":18,"column":38}},"10":{"start":{"line":20,"column":24},"end":{"line":20,"column":39}},"11":{"start":{"line":21,"column":8},"end":{"line":21,"column":38}},"12":{"start":{"line":26,"column":0},"end":{"line":38,"column":3}},"13":{"start":{"line":28,"column":4},"end":{"line":31,"column":5}},"14":{"start":{"line":29,"column":8},"end":{"line":29,"column":31}},"15":{"start":{"line":30,"column":8},"end":{"line":30,"column":15}},"16":{"start":{"line":33,"column":19},"end":{"line":33,"column":34}},"17":{"start":{"line":34,"column":24},"end":{"line":34,"column":39}},"18":{"start":{"line":35,"column":4},"end":{"line":35,"column":38}},"19":{"start":{"line":37,"column":4},"end":{"line":37,"column":27}},"20":{"start":{"line":41,"column":0},"end":{"line":58,"column":3}},"21":{"start":{"line":43,"column":4},"end":{"line":43,"column":25}},"22":{"start":{"line":44,"column":4},"end":{"line":47,"column":5}},"23":{"start":{"line":45,"column":8},"end":{"line":45,"column":31}},"24":{"start":{"line":46,"column":8},"end":{"line":46,"column":15}},"25":{"start":{"line":49,"column":19},"end":{"line":49,"column":30}},"26":{"start":{"line":50,"column":4},"end":{"line":50,"column":25}},"27":{"start":{"line":51,"column":30},"end":{"line":51,"column":65}},"28":{"start":{"line":53,"column":4},"end":{"line":57,"column":5}},"29":{"start":{"line":54,"column":7},"end":{"line":54,"column":30}},"30":{"start":{"line":56,"column":8},"end":{"line":56,"column":31}},"31":{"start":{"line":61,"column":0},"end":{"line":61,"column":24}}},"fnMap":{"0":{"name":"(anonymous_0)","decl":{"start":{"line":8,"column":21},"end":{"line":8,"column":22}},"loc":{"start":{"line":8,"column":35},"end":{"line":23,"column":1}},"line":8},"1":{"name":"(anonymous_1)","decl":{"start":{"line":26,"column":27},"end":{"line":26,"column":28}},"loc":{"start":{"line":26,"column":41},"end":{"line":38,"column":1}},"line":26},"2":{"name":"(anonymous_2)","decl":{"start":{"line":41,"column":34},"end":{"line":41,"column":35}},"loc":{"start":{"line":41,"column":48},"end":{"line":58,"column":1}},"line":41}},"branchMap":{"0":{"loc":{"start":{"line":10,"column":4},"end":{"line":13,"column":5}},"type":"if","locations":[{"start":{"line":10,"column":4},"end":{"line":13,"column":5}},{"start":{"line":10,"column":4},"end":{"line":13,"column":5}}],"line":10},"1":{"loc":{"start":{"line":17,"column":4},"end":{"line":22,"column":5}},"type":"if","locations":[{"start":{"line":17,"column":4},"end":{"line":22,"column":5}},{"start":{"line":17,"column":4},"end":{"line":22,"column":5}}],"line":17},"2":{"loc":{"start":{"line":28,"column":4},"end":{"line":31,"column":5}},"type":"if","locations":[{"start":{"line":28,"column":4},"end":{"line":31,"column":5}},{"start":{"line":28,"column":4},"end":{"line":31,"column":5}}],"line":28},"3":{"loc":{"start":{"line":44,"column":4},"end":{"line":47,"column":5}},"type":"if","locations":[{"start":{"line":44,"column":4},"end":{"line":47,"column":5}},{"start":{"line":44,"column":4},"end":{"line":47,"column":5}}],"line":44},"4":{"loc":{"start":{"line":53,"column":4},"end":{"line":57,"column":5}},"type":"if","locations":[{"start":{"line":53,"column":4},"end":{"line":57,"column":5}},{"start":{"line":53,"column":4},"end":{"line":57,"column":5}}],"line":53}},"s":{"0":1,"1":1,"2":1,"3":1,"4":0,"5":0,"6":0,"7":0,"8":0,"9":0,"10":0,"11":0,"12":1,"13":0,"14":0,"15":0,"16":0,"17":0,"18":0,"19":0,"20":1,"21":0,"22":0,"23":0,"24":0,"25":0,"26":0,"27":0,"28":0,"29":0,"30":0,"31":1},"f":{"0":0,"1":0,"2":0},"b":{"0":[0,0],"1":[0,0],"2":[0,0],"3":[0,0],"4":[0,0]},"_coverageSchema":"43e27e138ebf9cfc5966b082cf9a028302ed4184","hash":"02def3337abe26151f8148652d7feb3dd6687511"}
,"C:\\Users\\Tommy\\Desktop\\React_Exam\\src\\server\\routes\\pokestorage-api.js": {"path":"C:\\Users\\Tommy\\Desktop\\React_Exam\\src\\server\\routes\\pokestorage-api.js","statementMap":{"0":{"start":{"line":1,"column":16},"end":{"line":1,"column":34}},"1":{"start":{"line":6,"column":4},"end":{"line":6,"column":31}},"2":{"start":{"line":9,"column":15},"end":{"line":9,"column":31}},"3":{"start":{"line":11,"column":0},"end":{"line":18,"column":3}},"4":{"start":{"line":13,"column":4},"end":{"line":16,"column":5}},"5":{"start":{"line":14,"column":8},"end":{"line":14,"column":30}},"6":{"start":{"line":15,"column":8},"end":{"line":15,"column":15}},"7":{"start":{"line":20,"column":0},"end":{"line":29,"column":3}},"8":{"start":{"line":22,"column":4},"end":{"line":25,"column":5}},"9":{"start":{"line":23,"column":8},"end":{"line":23,"column":30}},"10":{"start":{"line":24,"column":8},"end":{"line":24,"column":15}},"11":{"start":{"line":27,"column":20},"end":{"line":27,"column":53}},"12":{"start":{"line":31,"column":0},"end":{"line":38,"column":3}},"13":{"start":{"line":33,"column":4},"end":{"line":36,"column":5}},"14":{"start":{"line":34,"column":8},"end":{"line":34,"column":30}},"15":{"start":{"line":35,"column":8},"end":{"line":35,"column":15}},"16":{"start":{"line":41,"column":0},"end":{"line":41,"column":24}}},"fnMap":{"0":{"name":"(anonymous_0)","decl":{"start":{"line":11,"column":23},"end":{"line":11,"column":24}},"loc":{"start":{"line":11,"column":37},"end":{"line":18,"column":1}},"line":11},"1":{"name":"(anonymous_1)","decl":{"start":{"line":20,"column":24},"end":{"line":20,"column":25}},"loc":{"start":{"line":20,"column":38},"end":{"line":29,"column":1}},"line":20},"2":{"name":"(anonymous_2)","decl":{"start":{"line":31,"column":32},"end":{"line":31,"column":33}},"loc":{"start":{"line":31,"column":46},"end":{"line":38,"column":1}},"line":31}},"branchMap":{"0":{"loc":{"start":{"line":13,"column":4},"end":{"line":16,"column":5}},"type":"if","locations":[{"start":{"line":13,"column":4},"end":{"line":16,"column":5}},{"start":{"line":13,"column":4},"end":{"line":16,"column":5}}],"line":13},"1":{"loc":{"start":{"line":22,"column":4},"end":{"line":25,"column":5}},"type":"if","locations":[{"start":{"line":22,"column":4},"end":{"line":25,"column":5}},{"start":{"line":22,"column":4},"end":{"line":25,"column":5}}],"line":22},"2":{"loc":{"start":{"line":33,"column":4},"end":{"line":36,"column":5}},"type":"if","locations":[{"start":{"line":33,"column":4},"end":{"line":36,"column":5}},{"start":{"line":33,"column":4},"end":{"line":36,"column":5}}],"line":33}},"s":{"0":0,"1":0,"2":0,"3":0,"4":0,"5":0,"6":0,"7":0,"8":0,"9":0,"10":0,"11":0,"12":0,"13":0,"14":0,"15":0,"16":0},"f":{"0":0,"1":0,"2":0},"b":{"0":[0,0],"1":[0,0],"2":[0,0]},"hash":"4cb650560aebd31a2943f388121ae93cd8062ab8"}
}
