TN:
SF:C:\Users\Tommy\Desktop\React_Exam\src\client\collection.jsx
FN:6,(anonymous_0)
FN:20,(anonymous_1)
FN:30,(anonymous_2)
FN:72,(anonymous_3)
FN:109,(anonymous_4)
FN:151,(anonymous_5)
FN:190,(anonymous_6)
FN:222,(anonymous_7)
FN:228,(anonymous_8)
FN:236,(anonymous_9)
FN:264,(anonymous_10)
FN:287,(anonymous_11)
FN:313,(anonymous_12)
FNF:13
FNH:0
FNDA:0,(anonymous_0)
FNDA:0,(anonymous_1)
FNDA:0,(anonymous_2)
FNDA:0,(anonymous_3)
FNDA:0,(anonymous_4)
FNDA:0,(anonymous_5)
FNDA:0,(anonymous_6)
FNDA:0,(anonymous_7)
FNDA:0,(anonymous_8)
FNDA:0,(anonymous_9)
FNDA:0,(anonymous_10)
FNDA:0,(anonymous_11)
FNDA:0,(anonymous_12)
DA:3,0
DA:7,0
DA:9,0
DA:21,0
DA:22,0
DA:23,0
DA:24,0
DA:26,0
DA:30,0
DA:31,0
DA:34,0
DA:35,0
DA:39,0
DA:45,0
DA:46,0
DA:47,0
DA:48,0
DA:52,0
DA:53,0
DA:56,0
DA:60,0
DA:61,0
DA:62,0
DA:64,0
DA:66,0
DA:72,0
DA:74,0
DA:77,0
DA:78,0
DA:85,0
DA:88,0
DA:91,0
DA:92,0
DA:93,0
DA:94,0
DA:97,0
DA:98,0
DA:101,0
DA:104,0
DA:105,0
DA:109,0
DA:110,0
DA:112,0
DA:113,0
DA:118,0
DA:120,0
DA:122,0
DA:123,0
DA:131,0
DA:134,0
DA:137,0
DA:138,0
DA:139,0
DA:140,0
DA:143,0
DA:144,0
DA:147,0
DA:148,0
DA:151,0
DA:152,0
DA:154,0
DA:157,0
DA:159,0
DA:160,0
DA:168,0
DA:171,0
DA:174,0
DA:175,0
DA:176,0
DA:177,0
DA:180,0
DA:181,0
DA:184,0
DA:187,0
DA:190,0
DA:191,0
DA:194,0
DA:195,0
DA:199,0
DA:202,0
DA:205,0
DA:206,0
DA:207,0
DA:208,0
DA:211,0
DA:212,0
DA:215,0
DA:218,0
DA:219,0
DA:223,0
DA:224,0
DA:228,0
DA:237,0
DA:238,0
DA:241,0
DA:242,0
DA:243,0
DA:244,0
DA:245,0
DA:252,0
DA:265,0
DA:288,0
DA:290,0
DA:291,0
DA:292,0
DA:295,0
DA:296,0
DA:304,0
DA:305,0
DA:307,0
DA:308,0
DA:310,0
DA:314,0
DA:315,0
DA:324,0
DA:325,0
DA:326,0
DA:329,0
LF:118
LH:0
BRDA:21,0,0,0
BRDA:21,0,1,0
BRDA:45,1,0,0
BRDA:45,1,1,0
BRDA:52,2,0,0
BRDA:52,2,1,0
BRDA:62,3,0,0
BRDA:62,3,1,0
BRDA:91,4,0,0
BRDA:91,4,1,0
BRDA:97,5,0,0
BRDA:97,5,1,0
BRDA:137,6,0,0
BRDA:137,6,1,0
BRDA:143,7,0,0
BRDA:143,7,1,0
BRDA:174,8,0,0
BRDA:174,8,1,0
BRDA:180,9,0,0
BRDA:180,9,1,0
BRDA:205,10,0,0
BRDA:205,10,1,0
BRDA:211,11,0,0
BRDA:211,11,1,0
BRDA:241,12,0,0
BRDA:241,12,1,0
BRDA:244,13,0,0
BRDA:244,13,1,0
BRDA:291,14,0,0
BRDA:291,14,1,0
BRDA:295,15,0,0
BRDA:295,15,1,0
BRDA:308,16,0,0
BRDA:308,16,1,0
BRDA:325,17,0,0
BRDA:325,17,1,0
BRF:36
BRH:0
end_of_record
TN:
SF:C:\Users\Tommy\Desktop\React_Exam\src\client\header.jsx
FN:5,(anonymous_0)
FN:9,(anonymous_1)
FN:31,(anonymous_2)
FN:42,(anonymous_3)
FN:58,(anonymous_4)
FNF:5
FNH:4
FNDA:2,(anonymous_0)
FNDA:0,(anonymous_1)
FNDA:1,(anonymous_2)
FNDA:1,(anonymous_3)
FNDA:2,(anonymous_4)
DA:6,2
DA:9,2
DA:10,0
DA:13,0
DA:14,0
DA:18,0
DA:19,0
DA:22,0
DA:23,0
DA:24,0
DA:27,0
DA:28,0
DA:33,1
DA:44,1
DA:60,2
DA:63,2
DA:64,1
DA:66,1
DA:70,2
LF:19
LH:9
BRDA:22,0,0,0
BRDA:22,0,1,0
BRDA:63,1,0,1
BRDA:63,1,1,1
BRF:4
BRH:2
end_of_record
TN:
SF:C:\Users\Tommy\Desktop\React_Exam\src\client\home.jsx
FN:9,(anonymous_0)
FN:13,(anonymous_1)
FN:19,(anonymous_2)
FN:24,(anonymous_3)
FN:43,(anonymous_4)
FN:61,(anonymous_5)
FN:74,(anonymous_6)
FN:90,(anonymous_7)
FNF:8
FNH:8
FNDA:2,(anonymous_0)
FNDA:2,(anonymous_1)
FNDA:1,(anonymous_2)
FNDA:1,(anonymous_3)
FNDA:1,(anonymous_4)
FNDA:2,(anonymous_5)
FNDA:40,(anonymous_6)
FNDA:2,(anonymous_7)
DA:6,1
DA:10,2
DA:14,2
DA:15,1
DA:20,1
DA:25,1
DA:26,1
DA:44,1
DA:45,1
DA:47,1
DA:62,2
DA:64,2
DA:75,40
DA:93,2
DA:95,2
DA:96,1
DA:98,1
DA:100,2
LF:18
LH:18
BRDA:14,0,0,1
BRDA:14,0,1,1
BRDA:95,1,0,1
BRDA:95,1,1,1
BRF:4
BRH:4
end_of_record
TN:
SF:C:\Users\Tommy\Desktop\React_Exam\src\client\index.jsx
FN:13,(anonymous_0)
FN:24,(anonymous_1)
FN:34,(anonymous_2)
FN:46,(anonymous_3)
FN:51,(anonymous_4)
FN:78,(anonymous_5)
FN:82,(anonymous_6)
FN:93,(anonymous_7)
FN:103,(anonymous_8)
FN:111,(anonymous_9)
FN:119,(anonymous_10)
FNF:11
FNH:0
FNDA:0,(anonymous_0)
FNDA:0,(anonymous_1)
FNDA:0,(anonymous_2)
FNDA:0,(anonymous_3)
FNDA:0,(anonymous_4)
FNDA:0,(anonymous_5)
FNDA:0,(anonymous_6)
FNDA:0,(anonymous_7)
FNDA:0,(anonymous_8)
FNDA:0,(anonymous_9)
FNDA:0,(anonymous_10)
DA:14,0
DA:17,0
DA:25,0
DA:27,0
DA:28,0
DA:29,0
DA:32,0
DA:34,0
DA:35,0
DA:37,0
DA:38,0
DA:39,0
DA:42,0
DA:47,0
DA:51,0
DA:52,0
DA:55,0
DA:56,0
DA:60,0
DA:61,0
DA:64,0
DA:65,0
DA:66,0
DA:69,0
DA:70,0
DA:72,0
DA:73,0
DA:78,0
DA:79,0
DA:84,0
DA:86,0
DA:94,0
DA:104,0
DA:112,0
DA:120,0
DA:135,0
LF:36
LH:0
BRDA:28,0,0,0
BRDA:28,0,1,0
BRDA:37,1,0,0
BRDA:37,1,1,0
BRDA:37,2,0,0
BRDA:37,2,1,0
BRDA:64,3,0,0
BRDA:64,3,1,0
BRDA:69,4,0,0
BRDA:69,4,1,0
BRDA:84,5,0,0
BRDA:84,5,1,0
BRF:12
BRH:0
end_of_record
TN:
SF:C:\Users\Tommy\Desktop\React_Exam\src\client\login.jsx
FN:4,(anonymous_0)
FN:15,(anonymous_1)
FN:19,(anonymous_2)
FN:24,(anonymous_3)
FN:64,(anonymous_4)
FNF:5
FNH:5
FNDA:2,(anonymous_0)
FNDA:1,(anonymous_1)
FNDA:1,(anonymous_2)
FNDA:1,(anonymous_3)
FNDA:4,(anonymous_4)
DA:5,2
DA:7,2
DA:15,2
DA:16,1
DA:19,2
DA:20,1
DA:24,2
DA:25,1
DA:27,1
DA:29,1
DA:31,1
DA:32,1
DA:40,0
DA:43,0
DA:46,0
DA:47,0
DA:48,0
DA:51,0
DA:52,0
DA:55,0
DA:58,0
DA:59,0
DA:60,0
DA:65,4
DA:67,4
LF:25
LH:14
BRDA:46,0,0,0
BRDA:46,0,1,0
BRDA:51,1,0,0
BRDA:51,1,1,0
BRDA:65,2,0,0
BRDA:65,2,1,4
BRF:6
BRH:1
end_of_record
TN:
SF:C:\Users\Tommy\Desktop\React_Exam\src\client\notfound.jsx
FN:4,(anonymous_0)
FN:8,(anonymous_1)
FNF:2
FNH:2
FNDA:1,(anonymous_0)
FNDA:1,(anonymous_1)
DA:5,1
DA:9,1
LF:2
LH:2
BRF:0
BRH:0
end_of_record
TN:
SF:C:\Users\Tommy\Desktop\React_Exam\src\client\signup.jsx
FN:5,(anonymous_0)
FN:18,(anonymous_1)
FN:22,(anonymous_2)
FN:26,(anonymous_3)
FN:31,(anonymous_4)
FN:82,(anonymous_5)
FN:87,(anonymous_6)
FNF:7
FNH:7
FNDA:5,(anonymous_0)
FNDA:3,(anonymous_1)
FNDA:3,(anonymous_2)
FNDA:3,(anonymous_3)
FNDA:3,(anonymous_4)
FNDA:3,(anonymous_5)
FNDA:17,(anonymous_6)
DA:6,5
DA:8,5
DA:18,5
DA:19,3
DA:22,5
DA:23,3
DA:26,5
DA:27,3
DA:31,5
DA:32,3
DA:34,3
DA:36,3
DA:37,2
DA:38,1
DA:41,1
DA:43,1
DA:46,1
DA:47,1
DA:55,1
DA:58,1
DA:61,0
DA:62,0
DA:65,0
DA:66,0
DA:72,0
DA:73,0
DA:76,1
DA:82,5
DA:83,3
DA:84,3
DA:90,17
LF:31
LH:25
BRDA:36,0,0,2
BRDA:36,0,1,1
BRDA:37,1,0,1
BRDA:37,1,1,1
BRDA:61,2,0,0
BRDA:61,2,1,0
BRDA:65,3,0,0
BRDA:65,3,1,0
BRF:8
BRH:4
end_of_record
TN:
SF:C:\Users\Tommy\Desktop\React_Exam\src\server\app.js
FN:37,(anonymous_0)
FN:49,(anonymous_1)
FN:53,(anonymous_2)
FN:73,(anonymous_3)
FNF:4
FNH:3
FNDA:11,(anonymous_0)
FNDA:10,(anonymous_1)
FNDA:23,(anonymous_2)
FNDA:0,(anonymous_3)
DA:1,4
DA:2,4
DA:3,4
DA:4,4
DA:5,4
DA:6,4
DA:8,4
DA:9,4
DA:10,4
DA:12,4
DA:14,4
DA:16,4
DA:18,4
DA:21,4
DA:24,4
DA:30,4
DA:32,4
DA:38,11
DA:40,11
DA:41,1
DA:44,10
DA:45,10
DA:49,4
DA:50,10
DA:53,4
DA:54,23
DA:56,23
DA:57,23
DA:59,0
DA:63,4
DA:64,4
DA:68,4
DA:69,4
DA:70,4
DA:73,4
DA:74,0
DA:77,4
LF:37
LH:35
BRDA:40,0,0,1
BRDA:40,0,1,10
BRDA:56,1,0,23
BRDA:56,1,1,0
BRF:4
BRH:3
end_of_record
TN:
SF:C:\Users\Tommy\Desktop\React_Exam\src\server\server.js
FN:5,(anonymous_0)
FNF:1
FNH:0
FNDA:0,(anonymous_0)
DA:1,0
DA:3,0
DA:5,0
DA:6,0
LF:4
LH:0
BRDA:3,0,0,0
BRDA:3,0,1,0
BRF:2
BRH:0
end_of_record
TN:
SF:C:\Users\Tommy\Desktop\React_Exam\src\server\ws-handler.js
FN:6,init
FN:10,(anonymous_1)
FN:16,(anonymous_2)
FN:22,broadcastCount
FN:25,(anonymous_4)
FNF:5
FNH:1
FNDA:4,init
FNDA:0,(anonymous_1)
FNDA:0,(anonymous_2)
FNDA:0,broadcastCount
FNDA:0,(anonymous_4)
DA:1,4
DA:8,4
DA:10,4
DA:11,0
DA:13,0
DA:16,0
DA:17,0
DA:23,0
DA:25,0
DA:27,0
DA:29,0
DA:34,4
LF:12
LH:4
BRF:0
BRH:0
end_of_record
TN:
SF:C:\Users\Tommy\Desktop\React_Exam\src\server\db\lootboxes.js
FN:13,getUsersLootBox
FN:18,addToLootBox
FN:28,deleteLoot
FN:49,getLootBox
FN:68,createLootItem
FN:82,firstTimeCreatedUser
FN:95,deleteAll
FNF:7
FNH:7
FNDA:27,getUsersLootBox
FNDA:2,addToLootBox
FNDA:9,deleteLoot
FNDA:14,getLootBox
FNDA:42,createLootItem
FNDA:13,firstTimeCreatedUser
FNDA:4,deleteAll
DA:2,6
DA:5,6
DA:7,6
DA:9,6
DA:10,6
DA:14,27
DA:19,2
DA:20,2
DA:21,2
DA:23,2
DA:24,2
DA:29,9
DA:31,9
DA:32,1
DA:35,8
DA:36,8
DA:39,8
DA:40,8
DA:41,0
DA:44,8
DA:45,8
DA:50,14
DA:51,14
DA:52,14
DA:55,14
DA:56,2
DA:58,12
DA:63,14
DA:69,42
DA:70,42
DA:72,42
DA:76,42
DA:78,42
DA:83,13
DA:84,13
DA:86,13
DA:87,13
DA:88,13
DA:89,13
DA:91,13
DA:92,13
DA:96,4
DA:97,4
DA:100,6
LF:44
LH:43
BRDA:31,0,0,1
BRDA:31,0,1,8
BRDA:40,1,0,0
BRDA:40,1,1,8
BRDA:55,2,0,2
BRDA:55,2,1,12
BRF:6
BRH:5
end_of_record
TN:
SF:C:\Users\Tommy\Desktop\React_Exam\src\server\db\pokemon.js
FN:87,getPokemonCardItem
FN:99,countPokemonAvailable
FN:103,getAllPokemon
FNF:3
FNH:3
FNDA:42,getPokemonCardItem
FNDA:1,countPokemonAvailable
FNDA:2,getAllPokemon
DA:1,7
DA:88,42
DA:90,42
DA:91,126
DA:92,126
DA:93,126
DA:96,42
DA:100,1
DA:104,2
DA:107,7
LF:10
LH:10
BRF:0
BRH:0
end_of_record
TN:
SF:C:\Users\Tommy\Desktop\React_Exam\src\server\db\storageBox.js
FN:17,createStorageBoxForUser
FN:28,getPokemonBoxForUser
FN:38,addPokemonsToStorageBox
FN:85,removeFromStorageBox
FN:89,deleteAll
FNF:5
FNH:4
FNDA:11,createStorageBoxForUser
FNDA:1,getPokemonBoxForUser
FNDA:1,addPokemonsToStorageBox
FNDA:0,removeFromStorageBox
FNDA:2,deleteAll
DA:9,5
DA:12,5
DA:14,5
DA:18,11
DA:19,11
DA:21,11
DA:22,11
DA:24,11
DA:29,1
DA:30,1
DA:31,1
DA:33,1
DA:40,1
DA:41,1
DA:42,0
DA:44,1
DA:47,1
DA:48,1
DA:49,1
DA:53,1
DA:54,1
DA:61,1
DA:62,2
DA:64,3
DA:65,0
DA:66,0
DA:67,0
DA:70,3
DA:71,2
DA:75,2
DA:76,2
DA:80,1
DA:90,2
DA:91,2
DA:94,5
LF:35
LH:31
BRDA:41,0,0,0
BRDA:41,0,1,1
BRDA:48,1,0,1
BRDA:48,1,1,0
BRDA:64,2,0,0
BRDA:64,2,1,3
BRDA:70,3,0,2
BRDA:70,3,1,1
BRF:8
BRH:5
end_of_record
TN:
SF:C:\Users\Tommy\Desktop\React_Exam\src\server\db\users.js
FN:7,getUser
FN:11,verifyUser
FN:21,createUser
FN:37,resetAllUsers
FNF:4
FNH:4
FNDA:44,getUser
FNDA:11,verifyUser
FNDA:9,createUser
FNDA:2,resetAllUsers
DA:2,4
DA:4,4
DA:5,4
DA:8,44
DA:12,11
DA:14,11
DA:15,1
DA:18,10
DA:23,9
DA:32,9
DA:33,9
DA:34,9
DA:38,2
DA:42,4
LF:14
LH:14
BRDA:14,0,0,1
BRDA:14,0,1,10
BRF:2
BRH:2
end_of_record
TN:
SF:C:\Users\Tommy\Desktop\React_Exam\src\server\routes\auth-api.js
FN:8,(anonymous_0)
FN:12,(anonymous_1)
FN:17,(anonymous_2)
FN:25,(anonymous_3)
FN:26,(anonymous_4)
FN:36,(anonymous_5)
FNF:6
FNH:6
FNDA:2,(anonymous_0)
FNDA:1,(anonymous_1)
FNDA:8,(anonymous_2)
FNDA:8,(anonymous_3)
FNDA:8,(anonymous_4)
FNDA:10,(anonymous_5)
DA:1,4
DA:2,4
DA:4,4
DA:6,4
DA:8,4
DA:9,2
DA:12,4
DA:13,1
DA:14,1
DA:17,4
DA:18,8
DA:20,8
DA:21,0
DA:22,0
DA:25,8
DA:26,8
DA:27,8
DA:28,0
DA:30,8
DA:36,4
DA:37,10
DA:38,2
DA:39,2
DA:42,8
DA:48,4
LF:25
LH:22
BRDA:20,0,0,0
BRDA:20,0,1,8
BRDA:27,1,0,0
BRDA:27,1,1,8
BRDA:37,2,0,2
BRDA:37,2,1,8
BRF:6
BRH:4
end_of_record
TN:
SF:C:\Users\Tommy\Desktop\React_Exam\src\server\routes\loot-api.js
FN:8,(anonymous_0)
FN:26,(anonymous_1)
FN:40,(anonymous_2)
FNF:3
FNH:3
FNDA:8,(anonymous_0)
FNDA:1,(anonymous_1)
FNDA:5,(anonymous_2)
DA:1,4
DA:3,4
DA:5,4
DA:8,4
DA:10,8
DA:11,0
DA:12,0
DA:15,8
DA:17,8
DA:18,7
DA:20,1
DA:21,1
DA:26,4
DA:28,1
DA:29,0
DA:30,0
DA:33,1
DA:34,1
DA:36,1
DA:40,4
DA:42,5
DA:43,0
DA:44,0
DA:47,5
DA:48,5
DA:50,5
DA:51,4
DA:53,1
DA:58,4
LF:29
LH:23
BRDA:10,0,0,0
BRDA:10,0,1,8
BRDA:17,1,0,7
BRDA:17,1,1,1
BRDA:28,2,0,0
BRDA:28,2,1,1
BRDA:42,3,0,0
BRDA:42,3,1,5
BRDA:50,4,0,4
BRDA:50,4,1,1
BRF:10
BRH:7
end_of_record
TN:
SF:C:\Users\Tommy\Desktop\React_Exam\src\server\routes\pokestorage-api.js
FN:12,(anonymous_0)
FN:29,(anonymous_1)
FN:41,(anonymous_2)
FNF:3
FNH:0
FNDA:0,(anonymous_0)
FNDA:0,(anonymous_1)
FNDA:0,(anonymous_2)
DA:1,4
DA:7,4
DA:10,4
DA:12,4
DA:14,0
DA:15,0
DA:16,0
DA:19,0
DA:21,0
DA:22,0
DA:24,0
DA:25,0
DA:29,4
DA:31,0
DA:32,0
DA:33,0
DA:36,0
DA:38,0
DA:41,4
DA:43,0
DA:44,0
DA:45,0
DA:54,4
LF:23
LH:7
BRDA:14,0,0,0
BRDA:14,0,1,0
BRDA:21,1,0,0
BRDA:21,1,1,0
BRDA:31,2,0,0
BRDA:31,2,1,0
BRDA:43,3,0,0
BRDA:43,3,1,0
BRF:8
BRH:0
end_of_record
