TN:
SF:C:\Users\Tommy\Desktop\React_Exam\src\client\collection.jsx
FN:13,(anonymous_0)
FN:26,(anonymous_1)
FN:37,(anonymous_2)
FN:82,(anonymous_3)
FN:121,(anonymous_4)
FN:164,(anonymous_5)
FN:208,(anonymous_6)
FN:245,(anonymous_7)
FN:251,(anonymous_8)
FN:261,(anonymous_9)
FN:289,(anonymous_10)
FN:311,(anonymous_11)
FN:341,(anonymous_12)
FNF:13
FNH:0
FNDA:0,(anonymous_0)
FNDA:0,(anonymous_1)
FNDA:0,(anonymous_2)
FNDA:0,(anonymous_3)
FNDA:0,(anonymous_4)
FNDA:0,(anonymous_5)
FNDA:0,(anonymous_6)
FNDA:0,(anonymous_7)
FNDA:0,(anonymous_8)
FNDA:0,(anonymous_9)
FNDA:0,(anonymous_10)
FNDA:0,(anonymous_11)
FNDA:0,(anonymous_12)
DA:3,0
DA:14,0
DA:16,0
DA:27,0
DA:28,0
DA:29,0
DA:30,0
DA:32,0
DA:37,0
DA:38,0
DA:41,0
DA:42,0
DA:46,0
DA:52,0
DA:53,0
DA:54,0
DA:55,0
DA:59,0
DA:60,0
DA:63,0
DA:67,0
DA:70,0
DA:72,0
DA:75,0
DA:82,0
DA:83,0
DA:86,0
DA:87,0
DA:94,0
DA:97,0
DA:101,0
DA:102,0
DA:103,0
DA:104,0
DA:108,0
DA:109,0
DA:112,0
DA:116,0
DA:117,0
DA:121,0
DA:122,0
DA:124,0
DA:125,0
DA:127,0
DA:129,0
DA:131,0
DA:132,0
DA:140,0
DA:143,0
DA:147,0
DA:148,0
DA:149,0
DA:150,0
DA:154,0
DA:155,0
DA:159,0
DA:160,0
DA:164,0
DA:165,0
DA:167,0
DA:170,0
DA:172,0
DA:173,0
DA:181,0
DA:184,0
DA:188,0
DA:189,0
DA:190,0
DA:191,0
DA:195,0
DA:196,0
DA:199,0
DA:203,0
DA:208,0
DA:209,0
DA:212,0
DA:213,0
DA:217,0
DA:220,0
DA:224,0
DA:225,0
DA:226,0
DA:227,0
DA:231,0
DA:232,0
DA:235,0
DA:239,0
DA:240,0
DA:246,0
DA:247,0
DA:251,0
DA:262,0
DA:263,0
DA:266,0
DA:267,0
DA:268,0
DA:269,0
DA:270,0
DA:277,0
DA:290,0
DA:312,0
DA:314,0
DA:315,0
DA:316,0
DA:322,0
DA:323,0
DA:332,0
DA:333,0
DA:337,0
DA:338,0
DA:342,0
DA:343,0
DA:353,0
DA:354,0
DA:355,0
DA:359,0
LF:116
LH:0
BRDA:27,0,0,0
BRDA:27,0,1,0
BRDA:52,1,0,0
BRDA:52,1,1,0
BRDA:59,2,0,0
BRDA:59,2,1,0
BRDA:70,3,0,0
BRDA:70,3,1,0
BRDA:101,4,0,0
BRDA:101,4,1,0
BRDA:108,5,0,0
BRDA:108,5,1,0
BRDA:147,6,0,0
BRDA:147,6,1,0
BRDA:154,7,0,0
BRDA:154,7,1,0
BRDA:188,8,0,0
BRDA:188,8,1,0
BRDA:195,9,0,0
BRDA:195,9,1,0
BRDA:224,10,0,0
BRDA:224,10,1,0
BRDA:231,11,0,0
BRDA:231,11,1,0
BRDA:266,12,0,0
BRDA:266,12,1,0
BRDA:269,13,0,0
BRDA:269,13,1,0
BRDA:315,14,0,0
BRDA:315,14,1,0
BRDA:322,15,0,0
BRDA:322,15,1,0
BRDA:337,16,0,0
BRDA:337,16,1,0
BRDA:354,17,0,0
BRDA:354,17,1,0
BRF:36
BRH:0
end_of_record
TN:
SF:C:\Users\Tommy\Desktop\React_Exam\src\client\header.jsx
FN:12,(anonymous_0)
FN:17,(anonymous_1)
FN:43,(anonymous_2)
FN:55,(anonymous_3)
FN:70,(anonymous_4)
FNF:5
FNH:4
FNDA:2,(anonymous_0)
FNDA:0,(anonymous_1)
FNDA:1,(anonymous_2)
FNDA:1,(anonymous_3)
FNDA:2,(anonymous_4)
DA:13,2
DA:17,2
DA:18,0
DA:21,0
DA:22,0
DA:26,0
DA:27,0
DA:31,0
DA:32,0
DA:33,0
DA:37,0
DA:38,0
DA:44,1
DA:56,1
DA:72,2
DA:75,2
DA:76,1
DA:78,1
DA:81,2
LF:19
LH:9
BRDA:31,0,0,0
BRDA:31,0,1,0
BRDA:75,1,0,1
BRDA:75,1,1,1
BRF:4
BRH:2
end_of_record
TN:
SF:C:\Users\Tommy\Desktop\React_Exam\src\client\home.jsx
FN:14,(anonymous_0)
FN:18,(anonymous_1)
FN:26,(anonymous_2)
FN:32,(anonymous_3)
FN:53,(anonymous_4)
FN:73,(anonymous_5)
FN:86,(anonymous_6)
FN:104,(anonymous_7)
FNF:8
FNH:8
FNDA:2,(anonymous_0)
FNDA:2,(anonymous_1)
FNDA:1,(anonymous_2)
FNDA:1,(anonymous_3)
FNDA:1,(anonymous_4)
FNDA:2,(anonymous_5)
FNDA:40,(anonymous_6)
FNDA:2,(anonymous_7)
DA:11,1
DA:15,2
DA:19,2
DA:20,1
DA:27,1
DA:33,1
DA:34,1
DA:54,1
DA:55,1
DA:57,1
DA:74,2
DA:76,2
DA:87,40
DA:107,2
DA:109,2
DA:110,1
DA:112,1
DA:114,2
LF:18
LH:18
BRDA:19,0,0,1
BRDA:19,0,1,1
BRDA:109,1,0,1
BRDA:109,1,1,1
BRF:4
BRH:4
end_of_record
TN:
SF:C:\Users\Tommy\Desktop\React_Exam\src\client\index.jsx
FN:20,(anonymous_0)
FN:31,(anonymous_1)
FN:41,(anonymous_2)
FN:53,(anonymous_3)
FN:59,(anonymous_4)
FN:89,(anonymous_5)
FN:93,(anonymous_6)
FN:103,(anonymous_7)
FN:113,(anonymous_8)
FN:121,(anonymous_9)
FN:129,(anonymous_10)
FNF:11
FNH:0
FNDA:0,(anonymous_0)
FNDA:0,(anonymous_1)
FNDA:0,(anonymous_2)
FNDA:0,(anonymous_3)
FNDA:0,(anonymous_4)
FNDA:0,(anonymous_5)
FNDA:0,(anonymous_6)
FNDA:0,(anonymous_7)
FNDA:0,(anonymous_8)
FNDA:0,(anonymous_9)
FNDA:0,(anonymous_10)
DA:21,0
DA:23,0
DA:32,0
DA:34,0
DA:35,0
DA:36,0
DA:39,0
DA:41,0
DA:42,0
DA:44,0
DA:45,0
DA:46,0
DA:49,0
DA:54,0
DA:59,0
DA:60,0
DA:63,0
DA:64,0
DA:68,0
DA:69,0
DA:73,0
DA:74,0
DA:75,0
DA:79,0
DA:80,0
DA:82,0
DA:83,0
DA:89,0
DA:90,0
DA:94,0
DA:96,0
DA:104,0
DA:114,0
DA:122,0
DA:130,0
DA:145,0
LF:36
LH:0
BRDA:35,0,0,0
BRDA:35,0,1,0
BRDA:44,1,0,0
BRDA:44,1,1,0
BRDA:44,2,0,0
BRDA:44,2,1,0
BRDA:73,3,0,0
BRDA:73,3,1,0
BRDA:79,4,0,0
BRDA:79,4,1,0
BRDA:94,5,0,0
BRDA:94,5,1,0
BRF:12
BRH:0
end_of_record
TN:
SF:C:\Users\Tommy\Desktop\React_Exam\src\client\login.jsx
FN:11,(anonymous_0)
FN:23,(anonymous_1)
FN:28,(anonymous_2)
FN:33,(anonymous_3)
FN:75,(anonymous_4)
FNF:5
FNH:5
FNDA:2,(anonymous_0)
FNDA:1,(anonymous_1)
FNDA:1,(anonymous_2)
FNDA:1,(anonymous_3)
FNDA:4,(anonymous_4)
DA:12,2
DA:14,2
DA:23,2
DA:24,1
DA:28,2
DA:29,1
DA:33,2
DA:34,1
DA:36,1
DA:38,1
DA:40,1
DA:41,1
DA:49,0
DA:52,0
DA:56,0
DA:57,0
DA:58,0
DA:62,0
DA:63,0
DA:66,0
DA:70,0
DA:71,0
DA:72,0
DA:76,4
DA:79,4
LF:25
LH:14
BRDA:56,0,0,0
BRDA:56,0,1,0
BRDA:62,1,0,0
BRDA:62,1,1,0
BRDA:76,2,0,0
BRDA:76,2,1,4
BRF:6
BRH:1
end_of_record
TN:
SF:C:\Users\Tommy\Desktop\React_Exam\src\client\notfound.jsx
FN:6,(anonymous_0)
FN:11,(anonymous_1)
FNF:2
FNH:2
FNDA:1,(anonymous_0)
FNDA:1,(anonymous_1)
DA:7,1
DA:12,1
LF:2
LH:2
BRF:0
BRH:0
end_of_record
TN:
SF:C:\Users\Tommy\Desktop\React_Exam\src\client\signup.jsx
FN:12,(anonymous_0)
FN:26,(anonymous_1)
FN:31,(anonymous_2)
FN:36,(anonymous_3)
FN:43,(anonymous_4)
FN:94,(anonymous_5)
FN:100,(anonymous_6)
FNF:7
FNH:7
FNDA:5,(anonymous_0)
FNDA:3,(anonymous_1)
FNDA:3,(anonymous_2)
FNDA:3,(anonymous_3)
FNDA:3,(anonymous_4)
FNDA:3,(anonymous_5)
FNDA:17,(anonymous_6)
DA:13,5
DA:15,5
DA:26,5
DA:27,3
DA:31,5
DA:32,3
DA:36,5
DA:37,3
DA:43,5
DA:44,3
DA:46,3
DA:48,3
DA:49,2
DA:50,1
DA:53,1
DA:55,1
DA:58,1
DA:59,1
DA:67,1
DA:70,1
DA:73,0
DA:74,0
DA:77,0
DA:78,0
DA:84,0
DA:85,0
DA:88,1
DA:94,5
DA:95,3
DA:96,3
DA:102,17
LF:31
LH:25
BRDA:48,0,0,2
BRDA:48,0,1,1
BRDA:49,1,0,1
BRDA:49,1,1,1
BRDA:73,2,0,0
BRDA:73,2,1,0
BRDA:77,3,0,0
BRDA:77,3,1,0
BRF:8
BRH:4
end_of_record
TN:
SF:C:\Users\Tommy\Desktop\React_Exam\src\server\app.js
FN:43,(anonymous_0)
FN:55,(anonymous_1)
FN:59,(anonymous_2)
FN:79,(anonymous_3)
FNF:4
FNH:3
FNDA:13,(anonymous_0)
FNDA:12,(anonymous_1)
FNDA:29,(anonymous_2)
FNDA:0,(anonymous_3)
DA:7,6
DA:8,6
DA:9,6
DA:10,6
DA:11,6
DA:12,6
DA:14,6
DA:15,6
DA:16,6
DA:18,6
DA:20,6
DA:22,6
DA:24,6
DA:27,6
DA:30,6
DA:36,6
DA:38,6
DA:44,13
DA:46,13
DA:47,1
DA:50,12
DA:51,12
DA:55,6
DA:56,12
DA:59,6
DA:60,29
DA:62,29
DA:63,29
DA:65,0
DA:69,6
DA:70,6
DA:74,6
DA:75,6
DA:76,6
DA:79,6
DA:80,0
DA:83,6
LF:37
LH:35
BRDA:46,0,0,1
BRDA:46,0,1,12
BRDA:62,1,0,29
BRDA:62,1,1,0
BRF:4
BRH:3
end_of_record
TN:
SF:C:\Users\Tommy\Desktop\React_Exam\src\server\server.js
FN:11,(anonymous_0)
FNF:1
FNH:0
FNDA:0,(anonymous_0)
DA:7,0
DA:9,0
DA:11,0
DA:12,0
LF:4
LH:0
BRDA:9,0,0,0
BRDA:9,0,1,0
BRF:2
BRH:0
end_of_record
TN:
SF:C:\Users\Tommy\Desktop\React_Exam\src\server\ws-handler.js
FN:11,init
FN:15,(anonymous_1)
FN:21,(anonymous_2)
FN:27,broadcastCount
FN:30,(anonymous_4)
FNF:5
FNH:1
FNDA:6,init
FNDA:0,(anonymous_1)
FNDA:0,(anonymous_2)
FNDA:0,broadcastCount
FNDA:0,(anonymous_4)
DA:7,6
DA:13,6
DA:15,6
DA:16,0
DA:18,0
DA:21,0
DA:22,0
DA:28,0
DA:30,0
DA:32,0
DA:34,0
DA:39,6
LF:12
LH:4
BRF:0
BRH:0
end_of_record
TN:
SF:C:\Users\Tommy\Desktop\React_Exam\src\server\db\lootboxes.js
FN:19,getUsersLootBox
FN:24,addToLootBox
FN:34,deleteLoot
FN:55,getLootBox
FN:74,createLootItem
FN:88,firstTimeCreatedUser
FN:102,deleteAll
FNF:7
FNH:7
FNDA:28,getUsersLootBox
FNDA:2,addToLootBox
FNDA:9,deleteLoot
FNDA:15,getLootBox
FNDA:48,createLootItem
FNDA:15,firstTimeCreatedUser
FNDA:4,deleteAll
DA:8,8
DA:11,8
DA:13,8
DA:15,8
DA:16,8
DA:20,28
DA:25,2
DA:26,2
DA:27,2
DA:29,2
DA:30,2
DA:35,9
DA:37,9
DA:38,1
DA:41,8
DA:42,8
DA:45,8
DA:46,8
DA:47,0
DA:50,8
DA:51,8
DA:56,15
DA:57,15
DA:58,15
DA:61,15
DA:62,2
DA:64,13
DA:69,15
DA:75,48
DA:76,48
DA:78,48
DA:82,48
DA:84,48
DA:89,15
DA:90,15
DA:92,15
DA:93,15
DA:94,15
DA:95,15
DA:97,15
DA:98,15
DA:103,4
DA:104,4
DA:107,8
LF:44
LH:43
BRDA:37,0,0,1
BRDA:37,0,1,8
BRDA:46,1,0,0
BRDA:46,1,1,8
BRDA:61,2,0,2
BRDA:61,2,1,13
BRF:6
BRH:5
end_of_record
TN:
SF:C:\Users\Tommy\Desktop\React_Exam\src\server\db\pokemon.js
FN:93,getPokemonCardItem
FN:106,countPokemonAvailable
FN:111,getAllPokemon
FNF:3
FNH:3
FNDA:48,getPokemonCardItem
FNDA:1,countPokemonAvailable
FNDA:2,getAllPokemon
DA:1,9
DA:94,48
DA:96,48
DA:97,144
DA:98,144
DA:99,144
DA:102,48
DA:107,1
DA:112,2
DA:115,9
LF:10
LH:10
BRF:0
BRH:0
end_of_record
TN:
SF:C:\Users\Tommy\Desktop\React_Exam\src\server\db\storageBox.js
FN:23,createStorageBoxForUser
FN:34,getPokemonBoxForUser
FN:44,addPokemonsToStorageBox
FN:91,deleteAll
FNF:4
FNH:4
FNDA:13,createStorageBoxForUser
FNDA:3,getPokemonBoxForUser
FNDA:2,addPokemonsToStorageBox
FNDA:2,deleteAll
DA:15,7
DA:18,7
DA:20,7
DA:24,13
DA:25,13
DA:27,13
DA:28,13
DA:30,13
DA:35,3
DA:36,3
DA:37,3
DA:39,3
DA:46,2
DA:47,2
DA:48,0
DA:50,2
DA:53,2
DA:54,2
DA:55,2
DA:59,2
DA:60,2
DA:67,2
DA:68,4
DA:70,6
DA:71,0
DA:72,0
DA:73,0
DA:76,6
DA:77,4
DA:81,4
DA:82,4
DA:86,2
DA:92,2
DA:93,2
DA:96,7
LF:35
LH:31
BRDA:47,0,0,0
BRDA:47,0,1,2
BRDA:54,1,0,2
BRDA:54,1,1,0
BRDA:70,2,0,0
BRDA:70,2,1,6
BRDA:76,3,0,4
BRDA:76,3,1,2
BRF:8
BRH:5
end_of_record
TN:
SF:C:\Users\Tommy\Desktop\React_Exam\src\server\db\users.js
FN:14,getUser
FN:19,verifyUser
FN:30,createUser
FN:44,resetAllUsers
FNF:4
FNH:4
FNDA:54,getUser
FNDA:13,verifyUser
FNDA:11,createUser
FNDA:2,resetAllUsers
DA:8,6
DA:10,6
DA:11,6
DA:15,54
DA:20,13
DA:22,13
DA:23,1
DA:26,12
DA:32,11
DA:39,11
DA:40,11
DA:45,2
DA:49,6
LF:13
LH:13
BRDA:22,0,0,1
BRDA:22,0,1,12
BRF:2
BRH:2
end_of_record
TN:
SF:C:\Users\Tommy\Desktop\React_Exam\src\server\routes\auth-api.js
FN:16,(anonymous_0)
FN:21,(anonymous_1)
FN:27,(anonymous_2)
FN:35,(anonymous_3)
FN:36,(anonymous_4)
FN:47,(anonymous_5)
FNF:6
FNH:6
FNDA:2,(anonymous_0)
FNDA:1,(anonymous_1)
FNDA:10,(anonymous_2)
FNDA:10,(anonymous_3)
FNDA:10,(anonymous_4)
FNDA:13,(anonymous_5)
DA:8,6
DA:9,6
DA:11,6
DA:13,6
DA:16,6
DA:17,2
DA:21,6
DA:22,1
DA:23,1
DA:27,6
DA:28,10
DA:30,10
DA:31,0
DA:32,0
DA:35,10
DA:36,10
DA:37,10
DA:38,0
DA:40,10
DA:47,6
DA:48,13
DA:49,3
DA:50,3
DA:53,10
DA:59,6
LF:25
LH:22
BRDA:30,0,0,0
BRDA:30,0,1,10
BRDA:37,1,0,0
BRDA:37,1,1,10
BRDA:48,2,0,3
BRDA:48,2,1,10
BRF:6
BRH:4
end_of_record
TN:
SF:C:\Users\Tommy\Desktop\React_Exam\src\server\routes\loot-api.js
FN:15,(anonymous_0)
FN:33,(anonymous_1)
FN:47,(anonymous_2)
FNF:3
FNH:3
FNDA:10,(anonymous_0)
FNDA:2,(anonymous_1)
FNDA:6,(anonymous_2)
DA:7,6
DA:9,6
DA:11,6
DA:15,6
DA:17,10
DA:18,1
DA:19,1
DA:22,9
DA:24,9
DA:25,8
DA:27,1
DA:28,1
DA:33,6
DA:35,2
DA:36,1
DA:37,1
DA:40,1
DA:41,1
DA:43,1
DA:47,6
DA:49,6
DA:50,1
DA:51,1
DA:54,5
DA:55,5
DA:57,5
DA:58,4
DA:60,1
DA:64,6
LF:29
LH:29
BRDA:17,0,0,1
BRDA:17,0,1,9
BRDA:24,1,0,8
BRDA:24,1,1,1
BRDA:35,2,0,1
BRDA:35,2,1,1
BRDA:49,3,0,1
BRDA:49,3,1,5
BRDA:57,4,0,4
BRDA:57,4,1,1
BRF:10
BRH:10
end_of_record
TN:
SF:C:\Users\Tommy\Desktop\React_Exam\src\server\routes\pokestorage-api.js
FN:16,(anonymous_0)
FN:34,(anonymous_1)
FNF:2
FNH:2
FNDA:3,(anonymous_0)
FNDA:2,(anonymous_1)
DA:7,6
DA:11,6
DA:13,6
DA:16,6
DA:18,3
DA:19,1
DA:20,1
DA:23,2
DA:25,2
DA:26,1
DA:28,1
DA:29,1
DA:34,6
DA:36,2
DA:37,1
DA:38,1
DA:41,1
DA:43,1
DA:47,6
LF:19
LH:19
BRDA:18,0,0,1
BRDA:18,0,1,2
BRDA:25,1,0,1
BRDA:25,1,1,1
BRDA:36,2,0,1
BRDA:36,2,1,1
BRF:6
BRH:6
end_of_record
